TN:
SF:/usr/include/c++/5/bits/stl_algobase.h
FN:219,_ZSt3maxImERKT_S2_S2_
FN:282,_ZSt12__niter_baseIP9t3DObjectENSt11_Niter_baseIT_E13iterator_typeES3_
FN:282,_ZSt12__niter_baseIP13tMaterialInfoENSt11_Niter_baseIT_E13iterator_typeES3_
FN:293,_ZSt12__miter_baseIP13tMaterialInfoENSt11_Miter_baseIT_E13iterator_typeES3_
FN:293,_ZSt12__miter_baseIP9t3DObjectENSt11_Miter_baseIT_E13iterator_typeES3_
FN:373,_ZNSt11__copy_moveILb0ELb1ESt26random_access_iterator_tagE8__copy_mI9t3DObjectEEPT_PKS4_S7_S5_
FN:373,_ZNSt11__copy_moveILb0ELb1ESt26random_access_iterator_tagE8__copy_mI13tMaterialInfoEEPT_PKS4_S7_S5_
FN:391,_ZSt13__copy_move_aILb0EP9t3DObjectS1_ET1_T0_S3_S2_
FN:391,_ZSt13__copy_move_aILb0EP13tMaterialInfoS1_ET1_T0_S3_S2_
FN:436,_ZSt14__copy_move_a2ILb0EP13tMaterialInfoS1_ET1_T0_S3_S2_
FN:436,_ZSt14__copy_move_a2ILb0EP9t3DObjectS1_ET1_T0_S3_S2_
FN:462,_ZSt4copyIP13tMaterialInfoS1_ET0_T_S3_S2_
FN:462,_ZSt4copyIP9t3DObjectS1_ET0_T_S3_S2_
FN:575,_ZNSt20__copy_move_backwardILb0ELb1ESt26random_access_iterator_tagE13__copy_move_bI9t3DObjectEEPT_PKS4_S7_S5_
FN:575,_ZNSt20__copy_move_backwardILb0ELb1ESt26random_access_iterator_tagE13__copy_move_bI13tMaterialInfoEEPT_PKS4_S7_S5_
FN:593,_ZSt22__copy_move_backward_aILb0EP13tMaterialInfoS1_ET1_T0_S3_S2_
FN:593,_ZSt22__copy_move_backward_aILb0EP9t3DObjectS1_ET1_T0_S3_S2_
FN:611,_ZSt23__copy_move_backward_a2ILb0EP9t3DObjectS1_ET1_T0_S3_S2_
FN:611,_ZSt23__copy_move_backward_a2ILb0EP13tMaterialInfoS1_ET1_T0_S3_S2_
FN:638,_ZSt13copy_backwardIP9t3DObjectS1_ET0_T_S3_S2_
FN:638,_ZSt13copy_backwardIP13tMaterialInfoS1_ET0_T_S3_S2_
FNDA:23,_ZSt3maxImERKT_S2_S2_
FNDA:6,_ZSt12__niter_baseIP9t3DObjectENSt11_Niter_baseIT_E13iterator_typeES3_
FNDA:6,_ZSt12__niter_baseIP13tMaterialInfoENSt11_Niter_baseIT_E13iterator_typeES3_
FNDA:4,_ZSt12__miter_baseIP9t3DObjectENSt11_Miter_baseIT_E13iterator_typeES3_
FNDA:4,_ZSt12__miter_baseIP13tMaterialInfoENSt11_Miter_baseIT_E13iterator_typeES3_
FNDA:2,_ZNSt11__copy_moveILb0ELb1ESt26random_access_iterator_tagE8__copy_mI9t3DObjectEEPT_PKS4_S7_S5_
FNDA:2,_ZNSt11__copy_moveILb0ELb1ESt26random_access_iterator_tagE8__copy_mI13tMaterialInfoEEPT_PKS4_S7_S5_
FNDA:2,_ZSt13__copy_move_aILb0EP9t3DObjectS1_ET1_T0_S3_S2_
FNDA:2,_ZSt13__copy_move_aILb0EP13tMaterialInfoS1_ET1_T0_S3_S2_
FNDA:2,_ZSt14__copy_move_a2ILb0EP9t3DObjectS1_ET1_T0_S3_S2_
FNDA:2,_ZSt14__copy_move_a2ILb0EP13tMaterialInfoS1_ET1_T0_S3_S2_
FNDA:2,_ZSt4copyIP9t3DObjectS1_ET0_T_S3_S2_
FNDA:2,_ZSt4copyIP13tMaterialInfoS1_ET0_T_S3_S2_
FNDA:0,_ZNSt20__copy_move_backwardILb0ELb1ESt26random_access_iterator_tagE13__copy_move_bI9t3DObjectEEPT_PKS4_S7_S5_
FNDA:0,_ZNSt20__copy_move_backwardILb0ELb1ESt26random_access_iterator_tagE13__copy_move_bI13tMaterialInfoEEPT_PKS4_S7_S5_
FNDA:0,_ZSt22__copy_move_backward_aILb0EP9t3DObjectS1_ET1_T0_S3_S2_
FNDA:0,_ZSt22__copy_move_backward_aILb0EP13tMaterialInfoS1_ET1_T0_S3_S2_
FNDA:0,_ZSt23__copy_move_backward_a2ILb0EP9t3DObjectS1_ET1_T0_S3_S2_
FNDA:0,_ZSt23__copy_move_backward_a2ILb0EP13tMaterialInfoS1_ET1_T0_S3_S2_
FNDA:0,_ZSt13copy_backwardIP9t3DObjectS1_ET0_T_S3_S2_
FNDA:0,_ZSt13copy_backwardIP13tMaterialInfoS1_ET0_T_S3_S2_
FNF:21
FNH:13
DA:219,23
DA:224,23
DA:225,6
DA:226,17
DA:282,12
DA:283,12
DA:293,8
DA:294,8
DA:373,4
DA:382,4
DA:383,4
DA:384,0
DA:385,4
DA:391,4
DA:399,4
DA:402,4
DA:436,4
DA:438,4
DA:440,4
DA:462,4
DA:471,4
DA:472,4
DA:575,0
DA:584,0
DA:585,0
DA:586,0
DA:587,0
DA:593,0
DA:601,0
DA:606,0
DA:611,0
DA:614,0
DA:615,0
DA:638,0
DA:649,0
DA:650,0
LF:36
LH:21
end_of_record
SF:/usr/include/c++/5/bits/stl_construct.h
FN:112,_ZNSt12_Destroy_auxILb1EE9__destroyIP13tMaterialInfoEEvT_S4_
FN:112,_ZNSt12_Destroy_auxILb1EE9__destroyIP9t3DObjectEEvT_S4_
FN:122,_ZSt8_DestroyIP9t3DObjectEvT_S2_
FN:122,_ZSt8_DestroyIP13tMaterialInfoEvT_S2_
FN:148,_ZSt8_DestroyIP13tMaterialInfoS0_EvT_S2_RSaIT0_E
FN:148,_ZSt8_DestroyIP9t3DObjectS0_EvT_S2_RSaIT0_E
FNDA:2,_ZNSt12_Destroy_auxILb1EE9__destroyIP9t3DObjectEEvT_S4_
FNDA:2,_ZNSt12_Destroy_auxILb1EE9__destroyIP13tMaterialInfoEEvT_S4_
FNDA:2,_ZSt8_DestroyIP9t3DObjectEvT_S2_
FNDA:2,_ZSt8_DestroyIP13tMaterialInfoEvT_S2_
FNDA:2,_ZSt8_DestroyIP9t3DObjectS0_EvT_S2_RSaIT0_E
FNDA:2,_ZSt8_DestroyIP13tMaterialInfoS0_EvT_S2_RSaIT0_E
FNF:6
FNH:6
DA:112,4
DA:122,4
DA:126,4
DA:128,4
DA:148,4
DA:151,4
DA:152,4
LF:7
LH:7
end_of_record
SF:/usr/include/c++/5/bits/stl_iterator.h
FN:740,_ZN9__gnu_cxx17__normal_iteratorIP9t3DObjectSt6vectorIS1_SaIS1_EEEC2ERKS2_
FN:740,_ZN9__gnu_cxx17__normal_iteratorIP13tMaterialInfoSt6vectorIS1_SaIS1_EEEC2ERKS2_
FN:753,_ZNK9__gnu_cxx17__normal_iteratorIP9t3DObjectSt6vectorIS1_SaIS1_EEEdeEv
FN:753,_ZNK9__gnu_cxx17__normal_iteratorIP13tMaterialInfoSt6vectorIS1_SaIS1_EEEdeEv
FN:805,_ZNK9__gnu_cxx17__normal_iteratorIP9t3DObjectSt6vectorIS1_SaIS1_EEE4baseEv
FN:805,_ZNK9__gnu_cxx17__normal_iteratorIP13tMaterialInfoSt6vectorIS1_SaIS1_EEE4baseEv
FN:923,_ZN9__gnu_cxxmiIP9t3DObjectSt6vectorIS1_SaIS1_EEEENS_17__normal_iteratorIT_T0_E15difference_typeERKS9_SC_
FN:923,_ZN9__gnu_cxxmiIP13tMaterialInfoSt6vectorIS1_SaIS1_EEEENS_17__normal_iteratorIT_T0_E15difference_typeERKS9_SC_
FNDA:2,_ZN9__gnu_cxx17__normal_iteratorIP9t3DObjectSt6vectorIS1_SaIS1_EEEC2ERKS2_
FNDA:2,_ZN9__gnu_cxx17__normal_iteratorIP13tMaterialInfoSt6vectorIS1_SaIS1_EEEC2ERKS2_
FNDA:0,_ZNK9__gnu_cxx17__normal_iteratorIP9t3DObjectSt6vectorIS1_SaIS1_EEEdeEv
FNDA:0,_ZNK9__gnu_cxx17__normal_iteratorIP13tMaterialInfoSt6vectorIS1_SaIS1_EEEdeEv
FNDA:4,_ZNK9__gnu_cxx17__normal_iteratorIP9t3DObjectSt6vectorIS1_SaIS1_EEE4baseEv
FNDA:4,_ZNK9__gnu_cxx17__normal_iteratorIP13tMaterialInfoSt6vectorIS1_SaIS1_EEE4baseEv
FNDA:1,_ZN9__gnu_cxxmiIP9t3DObjectSt6vectorIS1_SaIS1_EEEENS_17__normal_iteratorIT_T0_E15difference_typeERKS9_SC_
FNDA:1,_ZN9__gnu_cxxmiIP13tMaterialInfoSt6vectorIS1_SaIS1_EEEENS_17__normal_iteratorIT_T0_E15difference_typeERKS9_SC_
FNF:8
FNH:6
DA:740,4
DA:741,4
DA:753,0
DA:754,0
DA:805,8
DA:806,8
DA:923,2
DA:926,2
LF:8
LH:6
end_of_record
SF:/usr/include/c++/5/bits/stl_iterator_base_types.h
FN:215,_ZNSt10_Iter_baseIP9t3DObjectLb0EE7_S_baseES1_
FN:215,_ZNSt10_Iter_baseIP13tMaterialInfoLb0EE7_S_baseES1_
FNDA:10,_ZNSt10_Iter_baseIP9t3DObjectLb0EE7_S_baseES1_
FNDA:10,_ZNSt10_Iter_baseIP13tMaterialInfoLb0EE7_S_baseES1_
FNF:2
FNH:2
DA:215,20
DA:216,20
LF:2
LH:2
end_of_record
SF:/usr/include/c++/5/bits/stl_uninitialized.h
FN:91,_ZNSt20__uninitialized_copyILb1EE13__uninit_copyIP9t3DObjectS3_EET0_T_S5_S4_
FN:91,_ZNSt20__uninitialized_copyILb1EE13__uninit_copyIP13tMaterialInfoS3_EET0_T_S5_S4_
FN:107,_ZSt18uninitialized_copyIP9t3DObjectS1_ET0_T_S3_S2_
FN:107,_ZSt18uninitialized_copyIP13tMaterialInfoS1_ET0_T_S3_S2_
FN:279,_ZSt22__uninitialized_copy_aIP13tMaterialInfoS1_S0_ET0_T_S3_S2_RSaIT1_E
FN:279,_ZSt22__uninitialized_copy_aIP9t3DObjectS1_S0_ET0_T_S3_S2_RSaIT1_E
FN:297,_ZSt34__uninitialized_move_if_noexcept_aIP13tMaterialInfoS1_SaIS0_EET0_T_S4_S3_RT1_
FN:297,_ZSt34__uninitialized_move_if_noexcept_aIP9t3DObjectS1_SaIS0_EET0_T_S4_S3_RT1_
FNDA:2,_ZNSt20__uninitialized_copyILb1EE13__uninit_copyIP9t3DObjectS3_EET0_T_S5_S4_
FNDA:2,_ZNSt20__uninitialized_copyILb1EE13__uninit_copyIP13tMaterialInfoS3_EET0_T_S5_S4_
FNDA:2,_ZSt18uninitialized_copyIP9t3DObjectS1_ET0_T_S3_S2_
FNDA:2,_ZSt18uninitialized_copyIP13tMaterialInfoS1_ET0_T_S3_S2_
FNDA:2,_ZSt22__uninitialized_copy_aIP9t3DObjectS1_S0_ET0_T_S3_S2_RSaIT1_E
FNDA:2,_ZSt22__uninitialized_copy_aIP13tMaterialInfoS1_S0_ET0_T_S3_S2_RSaIT1_E
FNDA:2,_ZSt34__uninitialized_move_if_noexcept_aIP9t3DObjectS1_SaIS0_EET0_T_S4_S3_RT1_
FNDA:2,_ZSt34__uninitialized_move_if_noexcept_aIP13tMaterialInfoS1_SaIS0_EET0_T_S4_S3_RT1_
FNF:8
FNH:8
DA:91,4
DA:93,4
DA:107,4
DA:115,4
DA:126,4
DA:279,4
DA:281,4
DA:297,4
DA:304,4
LF:9
LH:9
end_of_record
SF:/usr/include/c++/5/bits/stl_vector.h
FN:113,_ZNSt12_Vector_baseI9t3DObjectSaIS0_EE19_M_get_Tp_allocatorEv
FN:113,_ZNSt12_Vector_baseI13tMaterialInfoSaIS0_EE19_M_get_Tp_allocatorEv
FN:117,_ZNKSt12_Vector_baseI9t3DObjectSaIS0_EE19_M_get_Tp_allocatorEv
FN:117,_ZNKSt12_Vector_baseI13tMaterialInfoSaIS0_EE19_M_get_Tp_allocatorEv
FN:167,_ZNSt12_Vector_baseI13tMaterialInfoSaIS0_EE11_M_allocateEm
FN:167,_ZNSt12_Vector_baseI9t3DObjectSaIS0_EE11_M_allocateEm
FN:174,_ZNSt12_Vector_baseI9t3DObjectSaIS0_EE13_M_deallocateEPS0_m
FN:174,_ZNSt12_Vector_baseI13tMaterialInfoSaIS0_EE13_M_deallocateEPS0_m
FN:547,_ZNSt6vectorI9t3DObjectSaIS0_EE5beginEv
FN:547,_ZNSt6vectorI13tMaterialInfoSaIS0_EE5beginEv
FN:565,_ZNSt6vectorI13tMaterialInfoSaIS0_EE3endEv
FN:565,_ZNSt6vectorI9t3DObjectSaIS0_EE3endEv
FN:654,_ZNKSt6vectorI9t3DObjectSaIS0_EE4sizeEv
FN:654,_ZNKSt6vectorI13tMaterialInfoSaIS0_EE4sizeEv
FN:659,_ZNKSt6vectorI13tMaterialInfoSaIS0_EE8max_sizeEv
FN:659,_ZNKSt6vectorI9t3DObjectSaIS0_EE8max_sizeEv
FN:779,_ZNSt6vectorI9t3DObjectSaIS0_EEixEm
FN:779,_ZNSt6vectorI13tMaterialInfoSaIS0_EEixEm
FN:913,_ZNSt6vectorI13tMaterialInfoSaIS0_EE9push_backERKS0_
FN:913,_ZNSt6vectorI9t3DObjectSaIS0_EE9push_backERKS0_
FN:1422,_ZNKSt6vectorI13tMaterialInfoSaIS0_EE12_M_check_lenEmPKc
FN:1422,_ZNKSt6vectorI9t3DObjectSaIS0_EE12_M_check_lenEmPKc
FNDA:4,_ZNSt12_Vector_baseI9t3DObjectSaIS0_EE19_M_get_Tp_allocatorEv
FNDA:4,_ZNSt12_Vector_baseI13tMaterialInfoSaIS0_EE19_M_get_Tp_allocatorEv
FNDA:2,_ZNKSt12_Vector_baseI9t3DObjectSaIS0_EE19_M_get_Tp_allocatorEv
FNDA:2,_ZNKSt12_Vector_baseI13tMaterialInfoSaIS0_EE19_M_get_Tp_allocatorEv
FNDA:1,_ZNSt12_Vector_baseI9t3DObjectSaIS0_EE11_M_allocateEm
FNDA:1,_ZNSt12_Vector_baseI13tMaterialInfoSaIS0_EE11_M_allocateEm
FNDA:2,_ZNSt12_Vector_baseI9t3DObjectSaIS0_EE13_M_deallocateEPS0_m
FNDA:2,_ZNSt12_Vector_baseI13tMaterialInfoSaIS0_EE13_M_deallocateEPS0_m
FNDA:1,_ZNSt6vectorI9t3DObjectSaIS0_EE5beginEv
FNDA:1,_ZNSt6vectorI13tMaterialInfoSaIS0_EE5beginEv
FNDA:1,_ZNSt6vectorI9t3DObjectSaIS0_EE3endEv
FNDA:1,_ZNSt6vectorI13tMaterialInfoSaIS0_EE3endEv
FNDA:5,_ZNKSt6vectorI9t3DObjectSaIS0_EE4sizeEv
FNDA:4,_ZNKSt6vectorI13tMaterialInfoSaIS0_EE4sizeEv
FNDA:2,_ZNKSt6vectorI9t3DObjectSaIS0_EE8max_sizeEv
FNDA:2,_ZNKSt6vectorI13tMaterialInfoSaIS0_EE8max_sizeEv
FNDA:8,_ZNSt6vectorI13tMaterialInfoSaIS0_EEixEm
FNDA:5,_ZNSt6vectorI9t3DObjectSaIS0_EEixEm
FNDA:1,_ZNSt6vectorI9t3DObjectSaIS0_EE9push_backERKS0_
FNDA:1,_ZNSt6vectorI13tMaterialInfoSaIS0_EE9push_backERKS0_
FNDA:1,_ZNKSt6vectorI9t3DObjectSaIS0_EE12_M_check_lenEmPKc
FNDA:1,_ZNKSt6vectorI13tMaterialInfoSaIS0_EE12_M_check_lenEmPKc
FNF:22
FNH:22
DA:113,8
DA:114,8
DA:117,4
DA:118,4
DA:167,2
DA:170,2
DA:174,4
DA:177,4
DA:178,2
DA:179,4
DA:547,2
DA:548,2
DA:565,2
DA:566,2
DA:654,9
DA:655,9
DA:659,4
DA:660,4
DA:779,13
DA:780,13
DA:913,2
DA:915,2
DA:917,0
DA:919,0
DA:925,2
DA:927,2
DA:1422,2
DA:1424,2
DA:1425,0
DA:1427,2
DA:1428,2
LF:31
LH:28
end_of_record
SF:/usr/include/c++/5/bits/vector.tcc
FN:326,_ZNSt6vectorI9t3DObjectSaIS0_EE13_M_insert_auxEN9__gnu_cxx17__normal_iteratorIPS0_S2_EERKS0_
FN:326,_ZNSt6vectorI13tMaterialInfoSaIS0_EE13_M_insert_auxEN9__gnu_cxx17__normal_iteratorIPS0_S2_EERKS0_
FNDA:1,_ZNSt6vectorI9t3DObjectSaIS0_EE13_M_insert_auxEN9__gnu_cxx17__normal_iteratorIPS0_S2_EERKS0_
FNDA:1,_ZNSt6vectorI13tMaterialInfoSaIS0_EE13_M_insert_auxEN9__gnu_cxx17__normal_iteratorIPS0_S2_EERKS0_
FNF:2
FNH:2
DA:326,2
DA:330,2
DA:332,0
DA:333,0
DA:335,0
DA:337,0
DA:339,0
DA:343,0
DA:351,2
DA:352,2
DA:353,2
DA:354,2
DA:361,2
DA:368,2
DA:370,2
DA:372,2
DA:373,2
DA:375,2
DA:377,2
DA:379,2
DA:380,2
DA:382,0
DA:384,0
DA:385,0
DA:388,0
DA:389,0
DA:390,0
DA:392,2
DA:393,2
DA:394,4
DA:396,4
DA:397,2
DA:398,2
DA:399,2
DA:401,2
LF:35
LH:23
end_of_record
SF:/usr/include/c++/5/ext/alloc_traits.h
FN:181,_ZN9__gnu_cxx14__alloc_traitsISaI9t3DObjectEE8allocateERS2_m
FN:181,_ZN9__gnu_cxx14__alloc_traitsISaI13tMaterialInfoEE8allocateERS2_m
FN:184,_ZN9__gnu_cxx14__alloc_traitsISaI9t3DObjectEE10deallocateERS2_PS1_m
FN:184,_ZN9__gnu_cxx14__alloc_traitsISaI13tMaterialInfoEE10deallocateERS2_PS1_m
FN:188,_ZN9__gnu_cxx14__alloc_traitsISaI13tMaterialInfoEE9constructIS1_EEvRS2_PS1_RKT_
FN:188,_ZN9__gnu_cxx14__alloc_traitsISaI9t3DObjectEE9constructIS1_EEvRS2_PS1_RKT_
FN:191,_ZN9__gnu_cxx14__alloc_traitsISaI13tMaterialInfoEE7destroyERS2_PS1_
FN:191,_ZN9__gnu_cxx14__alloc_traitsISaI9t3DObjectEE7destroyERS2_PS1_
FN:194,_ZN9__gnu_cxx14__alloc_traitsISaI13tMaterialInfoEE8max_sizeERKS2_
FN:194,_ZN9__gnu_cxx14__alloc_traitsISaI9t3DObjectEE8max_sizeERKS2_
FNDA:1,_ZN9__gnu_cxx14__alloc_traitsISaI9t3DObjectEE8allocateERS2_m
FNDA:1,_ZN9__gnu_cxx14__alloc_traitsISaI13tMaterialInfoEE8allocateERS2_m
FNDA:1,_ZN9__gnu_cxx14__alloc_traitsISaI9t3DObjectEE10deallocateERS2_PS1_m
FNDA:1,_ZN9__gnu_cxx14__alloc_traitsISaI13tMaterialInfoEE10deallocateERS2_PS1_m
FNDA:1,_ZN9__gnu_cxx14__alloc_traitsISaI9t3DObjectEE9constructIS1_EEvRS2_PS1_RKT_
FNDA:1,_ZN9__gnu_cxx14__alloc_traitsISaI13tMaterialInfoEE9constructIS1_EEvRS2_PS1_RKT_
FNDA:0,_ZN9__gnu_cxx14__alloc_traitsISaI9t3DObjectEE7destroyERS2_PS1_
FNDA:0,_ZN9__gnu_cxx14__alloc_traitsISaI13tMaterialInfoEE7destroyERS2_PS1_
FNDA:2,_ZN9__gnu_cxx14__alloc_traitsISaI9t3DObjectEE8max_sizeERKS2_
FNDA:2,_ZN9__gnu_cxx14__alloc_traitsISaI13tMaterialInfoEE8max_sizeERKS2_
FNF:10
FNH:8
DA:181,2
DA:182,2
DA:184,2
DA:185,2
DA:188,2
DA:189,2
DA:191,0
DA:192,0
DA:194,4
DA:195,4
LF:10
LH:8
end_of_record
SF:/usr/include/c++/5/ext/new_allocator.h
FN:99,_ZN9__gnu_cxx13new_allocatorI13tMaterialInfoE8allocateEmPKv
FN:99,_ZN9__gnu_cxx13new_allocatorI9t3DObjectE8allocateEmPKv
FN:109,_ZN9__gnu_cxx13new_allocatorI13tMaterialInfoE10deallocateEPS1_m
FN:109,_ZN9__gnu_cxx13new_allocatorI9t3DObjectE10deallocateEPS1_m
FN:113,_ZNK9__gnu_cxx13new_allocatorI13tMaterialInfoE8max_sizeEv
FN:113,_ZNK9__gnu_cxx13new_allocatorI9t3DObjectE8max_sizeEv
FN:129,_ZN9__gnu_cxx13new_allocatorI9t3DObjectE9constructEPS1_RKS1_
FN:129,_ZN9__gnu_cxx13new_allocatorI13tMaterialInfoE9constructEPS1_RKS1_
FN:133,_ZN9__gnu_cxx13new_allocatorI9t3DObjectE7destroyEPS1_
FN:133,_ZN9__gnu_cxx13new_allocatorI13tMaterialInfoE7destroyEPS1_
FNDA:1,_ZN9__gnu_cxx13new_allocatorI9t3DObjectE8allocateEmPKv
FNDA:1,_ZN9__gnu_cxx13new_allocatorI13tMaterialInfoE8allocateEmPKv
FNDA:1,_ZN9__gnu_cxx13new_allocatorI9t3DObjectE10deallocateEPS1_m
FNDA:1,_ZN9__gnu_cxx13new_allocatorI13tMaterialInfoE10deallocateEPS1_m
FNDA:3,_ZNK9__gnu_cxx13new_allocatorI9t3DObjectE8max_sizeEv
FNDA:3,_ZNK9__gnu_cxx13new_allocatorI13tMaterialInfoE8max_sizeEv
FNDA:1,_ZN9__gnu_cxx13new_allocatorI9t3DObjectE9constructEPS1_RKS1_
FNDA:1,_ZN9__gnu_cxx13new_allocatorI13tMaterialInfoE9constructEPS1_RKS1_
FNDA:0,_ZN9__gnu_cxx13new_allocatorI9t3DObjectE7destroyEPS1_
FNDA:0,_ZN9__gnu_cxx13new_allocatorI13tMaterialInfoE7destroyEPS1_
FNF:10
FNH:8
DA:99,2
DA:101,2
DA:102,0
DA:104,2
DA:109,2
DA:110,2
DA:113,6
DA:114,6
DA:129,2
DA:130,2
DA:133,0
LF:11
LH:9
end_of_record
SF:/usr/include/c++/5/new
FN:129,_ZnwmPv
FNDA:69501,_ZnwmPv
FNF:1
FNH:1
DA:129,69501
DA:130,69501
LF:2
LH:2
end_of_record
SF:/disk2/graphdev/ModelDrawD01/3dDrawOOP/3DS.cpp
FN:7,_Z11empty_chunkP6tChunk
FN:12,_ZN8CLoad3DSC2Ev
FN:19,_ZN8CLoad3DS9Import3DSEP8t3DModelPc
FN:64,_ZN8CLoad3DS7CleanUpEv
FN:75,_ZN8CLoad3DS16ProcessNextChunkEP8t3DModelP6tChunk
FN:180,_ZN8CLoad3DS22ProcessNextObjectChunkEP8t3DModelP9t3DObjectP6tChunk
FN:242,_ZN8CLoad3DS24ProcessNextMaterialChunkEP8t3DModelP6tChunk
FN:297,_ZN8CLoad3DS9ReadChunkEP6tChunk
FN:307,_ZN8CLoad3DS9GetStringEPc
FN:327,_ZN8CLoad3DS14ReadColorChunkEP13tMaterialInfoP6tChunk
FN:340,_ZN8CLoad3DS17ReadVertexIndicesEP9t3DObjectP6tChunk
FN:370,_ZN8CLoad3DS17ReadUVCoordinatesEP9t3DObjectP6tChunk
FN:385,_ZN8CLoad3DS12ReadVerticesEP9t3DObjectP6tChunk
FN:419,_ZN8CLoad3DS18ReadObjectMaterialEP8t3DModelP9t3DObjectP6tChunk
FN:463,_Z6Vector8CVector3S_
FN:475,_Z9AddVector8CVector3S_
FN:487,_Z20DivideVectorByScaler8CVector3f
FN:499,_Z5Cross8CVector3S_
FN:513,_Z9Normalize8CVector3
FN:527,_ZN8CLoad3DS14ComputeNormalsEP8t3DModel
FNDA:8,_Z11empty_chunkP6tChunk
FNDA:1,_ZN8CLoad3DSC2Ev
FNDA:1,_ZN8CLoad3DS9Import3DSEP8t3DModelPc
FNDA:1,_ZN8CLoad3DS7CleanUpEv
FNDA:2,_ZN8CLoad3DS16ProcessNextChunkEP8t3DModelP6tChunk
FNDA:2,_ZN8CLoad3DS22ProcessNextObjectChunkEP8t3DModelP9t3DObjectP6tChunk
FNDA:2,_ZN8CLoad3DS24ProcessNextMaterialChunkEP8t3DModelP6tChunk
FNDA:34,_ZN8CLoad3DS9ReadChunkEP6tChunk
FNDA:2,_ZN8CLoad3DS9GetStringEPc
FNDA:1,_ZN8CLoad3DS14ReadColorChunkEP13tMaterialInfoP6tChunk
FNDA:1,_ZN8CLoad3DS17ReadVertexIndicesEP9t3DObjectP6tChunk
FNDA:1,_ZN8CLoad3DS17ReadUVCoordinatesEP9t3DObjectP6tChunk
FNDA:1,_ZN8CLoad3DS12ReadVerticesEP9t3DObjectP6tChunk
FNDA:1,_ZN8CLoad3DS18ReadObjectMaterialEP8t3DModelP9t3DObjectP6tChunk
FNDA:6372,_Z6Vector8CVector3S_
FNDA:9558,_Z9AddVector8CVector3S_
FNDA:1683,_Z20DivideVectorByScaler8CVector3f
FNDA:3186,_Z5Cross8CVector3S_
FNDA:4869,_Z9Normalize8CVector3
FNDA:1,_ZN8CLoad3DS14ComputeNormalsEP8t3DModel
FNF:20
FNH:20
DA:7,8
DA:9,8
DA:10,8
DA:12,1
DA:14,1
DA:15,1
DA:16,1
DA:19,1
DA:21,1
DA:24,1
DA:27,1
DA:29,0
DA:31,0
DA:38,1
DA:41,1
DA:43,0
DA:45,0
DA:51,1
DA:54,1
DA:57,1
DA:59,1
DA:64,1
DA:67,1
DA:68,1
DA:69,1
DA:70,1
DA:75,2
DA:77,2
DA:78,2
DA:79,2
DA:80,2
DA:82,2
DA:84,2
DA:89,14
DA:92,6
DA:95,6
DA:102,1
DA:107,1
DA:112,1
DA:115,1
DA:118,1
DA:121,1
DA:122,1
DA:127,1
DA:130,1
DA:133,1
DA:134,1
DA:141,1
DA:144,1
DA:147,1
DA:150,1
DA:153,1
DA:154,1
DA:159,1
DA:160,1
DA:165,1
DA:166,1
DA:170,6
DA:174,2
DA:175,2
DA:176,2
DA:180,2
DA:182,2
DA:185,2
DA:188,16
DA:191,7
DA:194,7
DA:199,1
DA:200,1
DA:203,1
DA:204,1
DA:207,1
DA:208,1
DA:216,1
DA:217,1
DA:222,1
DA:223,1
DA:228,2
DA:229,2
DA:233,7
DA:237,2
DA:238,2
DA:239,2
DA:242,2
DA:244,2
DA:247,2
DA:250,38
DA:253,18
DA:256,18
DA:261,1
DA:262,1
DA:265,1
DA:266,1
DA:271,1
DA:272,1
DA:277,1
DA:278,1
DA:283,14
DA:284,14
DA:288,18
DA:292,2
DA:293,2
DA:294,2
DA:297,34
DA:300,34
DA:303,34
DA:304,34
DA:307,2
DA:309,2
DA:312,2
DA:315,36
DA:318,17
DA:322,2
DA:327,1
DA:330,1
DA:333,1
DA:336,1
DA:337,1
DA:340,1
DA:342,1
DA:345,1
DA:348,1
DA:349,1
DA:352,3187
DA:354,15930
DA:357,12744
DA:359,12744
DA:362,9558
DA:366,1
DA:370,1
DA:375,1
DA:378,1
DA:381,1
DA:382,1
DA:385,1
DA:390,1
DA:393,1
DA:394,1
DA:397,1
DA:404,1684
DA:407,1683
DA:410,1683
DA:413,1683
DA:415,1
DA:419,1
DA:421,1
DA:422,1
DA:427,1
DA:430,1
DA:433,1
DA:436,1
DA:439,1
DA:442,1
DA:444,1
DA:449,0
DA:453,1
DA:454,1
DA:463,6372
DA:467,6372
DA:468,6372
DA:469,6372
DA:471,6372
DA:475,9558
DA:479,9558
DA:480,9558
DA:481,9558
DA:483,9558
DA:487,1683
DA:491,1683
DA:492,1683
DA:493,1683
DA:495,1683
DA:499,3186
DA:503,3186
DA:505,3186
DA:507,3186
DA:509,3186
DA:513,4869
DA:517,4869
DA:519,4869
DA:520,4869
DA:521,4869
DA:523,4869
DA:527,1
DA:532,1
DA:533,0
DA:536,2
DA:539,1
DA:542,1
DA:543,1
DA:544,1
DA:547,3187
DA:549,3186
DA:550,3186
DA:551,3186
DA:555,3186
DA:556,3186
DA:558,3186
DA:559,3186
DA:560,3186
DA:562,3186
DA:566,1
DA:567,1
DA:568,1
DA:570,1684
DA:572,5363721
DA:574,10720890
DA:575,10714518
DA:576,5355666
DA:578,9558
DA:579,9558
DA:583,1683
DA:586,1683
DA:588,1683
DA:589,1683
DA:593,1
DA:594,1
LF:217
LH:211
end_of_record
TN:
SF:/usr/include/c++/5/bits/allocator.h
FN:113,_ZNSaI13tMaterialInfoEC2Ev
FN:113,_ZNSaI8triangleEC2Ev
FN:113,_ZNSaI9t3DObjectEC2Ev
FN:121,_ZNSaI13tMaterialInfoED2Ev
FN:121,_ZNSaI8triangleED2Ev
FN:121,_ZNSaI9t3DObjectED2Ev
FNDA:1,_ZNSaI8triangleEC2Ev
FNDA:1,_ZNSaI9t3DObjectEC2Ev
FNDA:1,_ZNSaI13tMaterialInfoEC2Ev
FNDA:1,_ZNSaI8triangleED2Ev
FNDA:1,_ZNSaI9t3DObjectED2Ev
FNDA:1,_ZNSaI13tMaterialInfoED2Ev
FNF:6
FNH:6
DA:113,3
DA:121,3
LF:2
LH:2
end_of_record
SF:/usr/include/c++/5/bits/basic_string.h
FN:4783,_ZStplIcSt11char_traitsIcESaIcEENSt7__cxx1112basic_stringIT_T0_T1_EERKS8_SA_
FNDA:1,_ZStplIcSt11char_traitsIcESaIcEENSt7__cxx1112basic_stringIT_T0_T1_EERKS8_SA_
FNF:1
FNH:1
DA:4783,1
DA:4786,1
DA:4787,1
DA:4788,1
LF:4
LH:4
end_of_record
SF:/usr/include/c++/5/bits/ios_base.h
FN:129,_ZStorSt13_Ios_OpenmodeS_
FNDA:1,_ZStorSt13_Ios_OpenmodeS_
FNF:1
FNH:1
DA:129,1
DA:130,1
LF:2
LH:2
end_of_record
SF:/usr/include/c++/5/bits/postypes.h
FN:133,_ZNSt4fposI11__mbstate_tEC2El
FNDA:1,_ZNSt4fposI11__mbstate_tEC2El
FNF:1
FNH:1
DA:133,1
DA:134,1
LF:2
LH:2
end_of_record
SF:/usr/include/c++/5/bits/stl_algobase.h
FN:219,_ZSt3maxImERKT_S2_S2_
FN:282,_ZSt12__niter_baseIP8triangleENSt11_Niter_baseIT_E13iterator_typeES3_
FN:293,_ZSt12__miter_baseIP8triangleENSt11_Miter_baseIT_E13iterator_typeES3_
FN:373,_ZNSt11__copy_moveILb0ELb1ESt26random_access_iterator_tagE8__copy_mI8triangleEEPT_PKS4_S7_S5_
FN:391,_ZSt13__copy_move_aILb0EP8triangleS1_ET1_T0_S3_S2_
FN:436,_ZSt14__copy_move_a2ILb0EP8triangleS1_ET1_T0_S3_S2_
FN:462,_ZSt4copyIP8triangleS1_ET0_T_S3_S2_
FN:575,_ZNSt20__copy_move_backwardILb0ELb1ESt26random_access_iterator_tagE13__copy_move_bI8triangleEEPT_PKS4_S7_S5_
FN:593,_ZSt22__copy_move_backward_aILb0EP8triangleS1_ET1_T0_S3_S2_
FN:611,_ZSt23__copy_move_backward_a2ILb0EP8triangleS1_ET1_T0_S3_S2_
FN:638,_ZSt13copy_backwardIP8triangleS1_ET0_T_S3_S2_
FNDA:0,_ZSt3maxImERKT_S2_S2_
FNDA:108,_ZSt12__niter_baseIP8triangleENSt11_Niter_baseIT_E13iterator_typeES3_
FNDA:72,_ZSt12__miter_baseIP8triangleENSt11_Miter_baseIT_E13iterator_typeES3_
FNDA:36,_ZNSt11__copy_moveILb0ELb1ESt26random_access_iterator_tagE8__copy_mI8triangleEEPT_PKS4_S7_S5_
FNDA:36,_ZSt13__copy_move_aILb0EP8triangleS1_ET1_T0_S3_S2_
FNDA:36,_ZSt14__copy_move_a2ILb0EP8triangleS1_ET1_T0_S3_S2_
FNDA:36,_ZSt4copyIP8triangleS1_ET0_T_S3_S2_
FNDA:0,_ZNSt20__copy_move_backwardILb0ELb1ESt26random_access_iterator_tagE13__copy_move_bI8triangleEEPT_PKS4_S7_S5_
FNDA:0,_ZSt22__copy_move_backward_aILb0EP8triangleS1_ET1_T0_S3_S2_
FNDA:0,_ZSt23__copy_move_backward_a2ILb0EP8triangleS1_ET1_T0_S3_S2_
FNDA:0,_ZSt13copy_backwardIP8triangleS1_ET0_T_S3_S2_
FNF:11
FNH:6
DA:219,0
DA:224,0
DA:225,0
DA:226,0
DA:282,108
DA:283,108
DA:293,72
DA:294,72
DA:373,36
DA:382,36
DA:383,36
DA:384,17
DA:385,36
DA:391,36
DA:399,36
DA:402,36
DA:436,36
DA:438,36
DA:440,36
DA:462,36
DA:471,36
DA:472,36
DA:575,0
DA:584,0
DA:585,0
DA:586,0
DA:587,0
DA:593,0
DA:601,0
DA:606,0
DA:611,0
DA:614,0
DA:615,0
DA:638,0
DA:649,0
DA:650,0
LF:36
LH:18
end_of_record
SF:/usr/include/c++/5/bits/stl_construct.h
FN:112,_ZNSt12_Destroy_auxILb1EE9__destroyIP8triangleEEvT_S4_
FN:112,_ZNSt12_Destroy_auxILb1EE9__destroyIP9t3DObjectEEvT_S4_
FN:112,_ZNSt12_Destroy_auxILb1EE9__destroyIP13tMaterialInfoEEvT_S4_
FN:122,_ZSt8_DestroyIP8triangleEvT_S2_
FN:122,_ZSt8_DestroyIP9t3DObjectEvT_S2_
FN:122,_ZSt8_DestroyIP13tMaterialInfoEvT_S2_
FN:148,_ZSt8_DestroyIP9t3DObjectS0_EvT_S2_RSaIT0_E
FN:148,_ZSt8_DestroyIP13tMaterialInfoS0_EvT_S2_RSaIT0_E
FN:148,_ZSt8_DestroyIP8triangleS0_EvT_S2_RSaIT0_E
FNDA:19,_ZNSt12_Destroy_auxILb1EE9__destroyIP8triangleEEvT_S4_
FNDA:0,_ZNSt12_Destroy_auxILb1EE9__destroyIP9t3DObjectEEvT_S4_
FNDA:0,_ZNSt12_Destroy_auxILb1EE9__destroyIP13tMaterialInfoEEvT_S4_
FNDA:19,_ZSt8_DestroyIP8triangleEvT_S2_
FNDA:0,_ZSt8_DestroyIP9t3DObjectEvT_S2_
FNDA:0,_ZSt8_DestroyIP13tMaterialInfoEvT_S2_
FNDA:19,_ZSt8_DestroyIP8triangleS0_EvT_S2_RSaIT0_E
FNDA:0,_ZSt8_DestroyIP9t3DObjectS0_EvT_S2_RSaIT0_E
FNDA:0,_ZSt8_DestroyIP13tMaterialInfoS0_EvT_S2_RSaIT0_E
FNF:9
FNH:3
DA:112,19
DA:122,19
DA:126,19
DA:128,19
DA:148,19
DA:151,19
DA:152,19
LF:7
LH:7
end_of_record
SF:/usr/include/c++/5/bits/stl_iterator.h
FN:740,_ZN9__gnu_cxx17__normal_iteratorIP8triangleSt6vectorIS1_SaIS1_EEEC2ERKS2_
FN:753,_ZNK9__gnu_cxx17__normal_iteratorIP8triangleSt6vectorIS1_SaIS1_EEEdeEv
FN:805,_ZNK9__gnu_cxx17__normal_iteratorIP8triangleSt6vectorIS1_SaIS1_EEE4baseEv
FN:923,_ZN9__gnu_cxxmiIP8triangleSt6vectorIS1_SaIS1_EEEENS_17__normal_iteratorIT_T0_E15difference_typeERKS9_SC_
FNDA:36,_ZN9__gnu_cxx17__normal_iteratorIP8triangleSt6vectorIS1_SaIS1_EEEC2ERKS2_
FNDA:0,_ZNK9__gnu_cxx17__normal_iteratorIP8triangleSt6vectorIS1_SaIS1_EEEdeEv
FNDA:72,_ZNK9__gnu_cxx17__normal_iteratorIP8triangleSt6vectorIS1_SaIS1_EEE4baseEv
FNDA:18,_ZN9__gnu_cxxmiIP8triangleSt6vectorIS1_SaIS1_EEEENS_17__normal_iteratorIT_T0_E15difference_typeERKS9_SC_
FNF:4
FNH:3
DA:740,36
DA:741,36
DA:753,0
DA:754,0
DA:805,72
DA:806,72
DA:923,18
DA:926,18
LF:8
LH:6
end_of_record
SF:/usr/include/c++/5/bits/stl_iterator_base_types.h
FN:215,_ZNSt10_Iter_baseIP8triangleLb0EE7_S_baseES1_
FNDA:180,_ZNSt10_Iter_baseIP8triangleLb0EE7_S_baseES1_
FNF:1
FNH:1
DA:215,180
DA:216,180
LF:2
LH:2
end_of_record
SF:/usr/include/c++/5/bits/stl_uninitialized.h
FN:91,_ZNSt20__uninitialized_copyILb1EE13__uninit_copyIP8triangleS3_EET0_T_S5_S4_
FN:107,_ZSt18uninitialized_copyIP8triangleS1_ET0_T_S3_S2_
FN:279,_ZSt22__uninitialized_copy_aIP8triangleS1_S0_ET0_T_S3_S2_RSaIT1_E
FN:297,_ZSt34__uninitialized_move_if_noexcept_aIP8triangleS1_SaIS0_EET0_T_S4_S3_RT1_
FNDA:36,_ZNSt20__uninitialized_copyILb1EE13__uninit_copyIP8triangleS3_EET0_T_S5_S4_
FNDA:36,_ZSt18uninitialized_copyIP8triangleS1_ET0_T_S3_S2_
FNDA:36,_ZSt22__uninitialized_copy_aIP8triangleS1_S0_ET0_T_S3_S2_RSaIT1_E
FNDA:36,_ZSt34__uninitialized_move_if_noexcept_aIP8triangleS1_SaIS0_EET0_T_S4_S3_RT1_
FNF:4
FNH:4
DA:91,36
DA:93,36
DA:107,36
DA:115,36
DA:126,36
DA:279,36
DA:281,36
DA:297,36
DA:304,36
LF:9
LH:9
end_of_record
SF:/usr/include/c++/5/bits/stl_vector.h
FN:79,_ZNSt12_Vector_baseI9t3DObjectSaIS0_EE12_Vector_implD2Ev
FN:79,_ZNSt12_Vector_baseI8triangleSaIS0_EE12_Vector_implD2Ev
FN:79,_ZNSt12_Vector_baseI13tMaterialInfoSaIS0_EE12_Vector_implD2Ev
FN:86,_ZNSt12_Vector_baseI13tMaterialInfoSaIS0_EE12_Vector_implC2Ev
FN:86,_ZNSt12_Vector_baseI8triangleSaIS0_EE12_Vector_implC2Ev
FN:86,_ZNSt12_Vector_baseI9t3DObjectSaIS0_EE12_Vector_implC2Ev
FN:113,_ZNSt12_Vector_baseI8triangleSaIS0_EE19_M_get_Tp_allocatorEv
FN:113,_ZNSt12_Vector_baseI13tMaterialInfoSaIS0_EE19_M_get_Tp_allocatorEv
FN:113,_ZNSt12_Vector_baseI9t3DObjectSaIS0_EE19_M_get_Tp_allocatorEv
FN:117,_ZNKSt12_Vector_baseI8triangleSaIS0_EE19_M_get_Tp_allocatorEv
FN:124,_ZNSt12_Vector_baseI8triangleSaIS0_EEC2Ev
FN:124,_ZNSt12_Vector_baseI9t3DObjectSaIS0_EEC2Ev
FN:124,_ZNSt12_Vector_baseI13tMaterialInfoSaIS0_EEC2Ev
FN:159,_ZNSt12_Vector_baseI13tMaterialInfoSaIS0_EED2Ev
FN:159,_ZNSt12_Vector_baseI8triangleSaIS0_EED2Ev
FN:159,_ZNSt12_Vector_baseI9t3DObjectSaIS0_EED2Ev
FN:167,_ZNSt12_Vector_baseI8triangleSaIS0_EE11_M_allocateEm
FN:174,_ZNSt12_Vector_baseI8triangleSaIS0_EE13_M_deallocateEPS0_m
FN:174,_ZNSt12_Vector_baseI13tMaterialInfoSaIS0_EE13_M_deallocateEPS0_m
FN:174,_ZNSt12_Vector_baseI9t3DObjectSaIS0_EE13_M_deallocateEPS0_m
FN:253,_ZNSt6vectorI8triangleSaIS0_EEC2Ev
FN:253,_ZNSt6vectorI9t3DObjectSaIS0_EEC2Ev
FN:253,_ZNSt6vectorI13tMaterialInfoSaIS0_EEC2Ev
FN:423,_ZNSt6vectorI13tMaterialInfoSaIS0_EED2Ev
FN:423,_ZNSt6vectorI9t3DObjectSaIS0_EED2Ev
FN:423,_ZNSt6vectorI8triangleSaIS0_EED2Ev
FN:547,_ZNSt6vectorI8triangleSaIS0_EE5beginEv
FN:565,_ZNSt6vectorI8triangleSaIS0_EE3endEv
FN:654,_ZNKSt6vectorI13tMaterialInfoSaIS0_EE4sizeEv
FN:654,_ZNKSt6vectorI8triangleSaIS0_EE4sizeEv
FN:654,_ZNKSt6vectorI9t3DObjectSaIS0_EE4sizeEv
FN:659,_ZNKSt6vectorI8triangleSaIS0_EE8max_sizeEv
FN:779,_ZNSt6vectorI9t3DObjectSaIS0_EEixEm
FN:779,_ZNSt6vectorI8triangleSaIS0_EEixEm
FN:779,_ZNSt6vectorI13tMaterialInfoSaIS0_EEixEm
FN:913,_ZNSt6vectorI8triangleSaIS0_EE9push_backERKS0_
FN:1422,_ZNKSt6vectorI8triangleSaIS0_EE12_M_check_lenEmPKc
FNDA:1,_ZNSt12_Vector_baseI8triangleSaIS0_EE12_Vector_implD2Ev
FNDA:1,_ZNSt12_Vector_baseI9t3DObjectSaIS0_EE12_Vector_implD2Ev
FNDA:1,_ZNSt12_Vector_baseI13tMaterialInfoSaIS0_EE12_Vector_implD2Ev
FNDA:1,_ZNSt12_Vector_baseI8triangleSaIS0_EE12_Vector_implC2Ev
FNDA:1,_ZNSt12_Vector_baseI9t3DObjectSaIS0_EE12_Vector_implC2Ev
FNDA:1,_ZNSt12_Vector_baseI13tMaterialInfoSaIS0_EE12_Vector_implC2Ev
FNDA:55,_ZNSt12_Vector_baseI8triangleSaIS0_EE19_M_get_Tp_allocatorEv
FNDA:0,_ZNSt12_Vector_baseI9t3DObjectSaIS0_EE19_M_get_Tp_allocatorEv
FNDA:0,_ZNSt12_Vector_baseI13tMaterialInfoSaIS0_EE19_M_get_Tp_allocatorEv
FNDA:36,_ZNKSt12_Vector_baseI8triangleSaIS0_EE19_M_get_Tp_allocatorEv
FNDA:1,_ZNSt12_Vector_baseI8triangleSaIS0_EEC2Ev
FNDA:1,_ZNSt12_Vector_baseI9t3DObjectSaIS0_EEC2Ev
FNDA:1,_ZNSt12_Vector_baseI13tMaterialInfoSaIS0_EEC2Ev
FNDA:1,_ZNSt12_Vector_baseI8triangleSaIS0_EED2Ev
FNDA:1,_ZNSt12_Vector_baseI9t3DObjectSaIS0_EED2Ev
FNDA:1,_ZNSt12_Vector_baseI13tMaterialInfoSaIS0_EED2Ev
FNDA:18,_ZNSt12_Vector_baseI8triangleSaIS0_EE11_M_allocateEm
FNDA:0,_ZNSt12_Vector_baseI9t3DObjectSaIS0_EE13_M_deallocateEPS0_m
FNDA:0,_ZNSt12_Vector_baseI13tMaterialInfoSaIS0_EE13_M_deallocateEPS0_m
FNDA:19,_ZNSt12_Vector_baseI8triangleSaIS0_EE13_M_deallocateEPS0_m
FNDA:1,_ZNSt6vectorI8triangleSaIS0_EEC2Ev
FNDA:1,_ZNSt6vectorI9t3DObjectSaIS0_EEC2Ev
FNDA:1,_ZNSt6vectorI13tMaterialInfoSaIS0_EEC2Ev
FNDA:1,_ZNSt6vectorI8triangleSaIS0_EED2Ev
FNDA:1,_ZNSt6vectorI9t3DObjectSaIS0_EED2Ev
FNDA:1,_ZNSt6vectorI13tMaterialInfoSaIS0_EED2Ev
FNDA:18,_ZNSt6vectorI8triangleSaIS0_EE5beginEv
FNDA:18,_ZNSt6vectorI8triangleSaIS0_EE3endEv
FNDA:0,_ZNKSt6vectorI13tMaterialInfoSaIS0_EE4sizeEv
FNDA:0,_ZNKSt6vectorI9t3DObjectSaIS0_EE4sizeEv
FNDA:69524,_ZNKSt6vectorI8triangleSaIS0_EE4sizeEv
FNDA:36,_ZNKSt6vectorI8triangleSaIS0_EE8max_sizeEv
FNDA:1250118,_ZNSt6vectorI8triangleSaIS0_EEixEm
FNDA:0,_ZNSt6vectorI13tMaterialInfoSaIS0_EEixEm
FNDA:0,_ZNSt6vectorI9t3DObjectSaIS0_EEixEm
FNDA:69451,_ZNSt6vectorI8triangleSaIS0_EE9push_backERKS0_
FNDA:18,_ZNKSt6vectorI8triangleSaIS0_EE12_M_check_lenEmPKc
FNF:37
FNH:29
DA:79,3
DA:86,3
DA:87,3
DA:88,3
DA:113,55
DA:114,55
DA:117,36
DA:118,36
DA:124,3
DA:125,3
DA:159,3
DA:160,6
DA:161,9
DA:167,18
DA:170,18
DA:174,19
DA:177,19
DA:178,18
DA:179,19
DA:253,3
DA:257,3
DA:423,3
DA:424,3
DA:425,6
DA:547,18
DA:548,18
DA:565,18
DA:566,18
DA:654,69524
DA:655,69524
DA:659,36
DA:660,36
DA:779,1250118
DA:780,1250118
DA:913,69451
DA:915,69451
DA:917,69433
DA:919,69433
DA:925,18
DA:927,69451
DA:1422,18
DA:1424,18
DA:1425,0
DA:1427,18
DA:1428,18
LF:45
LH:44
end_of_record
SF:/usr/include/c++/5/bits/vector.tcc
FN:326,_ZNSt6vectorI8triangleSaIS0_EE13_M_insert_auxEN9__gnu_cxx17__normal_iteratorIPS0_S2_EERKS0_
FNDA:18,_ZNSt6vectorI8triangleSaIS0_EE13_M_insert_auxEN9__gnu_cxx17__normal_iteratorIPS0_S2_EERKS0_
FNF:1
FNH:1
DA:326,18
DA:330,18
DA:332,0
DA:333,0
DA:335,0
DA:337,0
DA:339,0
DA:343,0
DA:351,18
DA:352,18
DA:353,18
DA:354,18
DA:361,18
DA:368,18
DA:370,18
DA:372,18
DA:373,18
DA:375,18
DA:377,18
DA:379,18
DA:380,18
DA:382,0
DA:384,0
DA:385,0
DA:388,0
DA:389,0
DA:390,0
DA:392,18
DA:393,18
DA:394,36
DA:396,36
DA:397,18
DA:398,18
DA:399,18
DA:401,18
LF:35
LH:23
end_of_record
SF:/usr/include/c++/5/ext/alloc_traits.h
FN:181,_ZN9__gnu_cxx14__alloc_traitsISaI8triangleEE8allocateERS2_m
FN:184,_ZN9__gnu_cxx14__alloc_traitsISaI8triangleEE10deallocateERS2_PS1_m
FN:184,_ZN9__gnu_cxx14__alloc_traitsISaI13tMaterialInfoEE10deallocateERS2_PS1_m
FN:184,_ZN9__gnu_cxx14__alloc_traitsISaI9t3DObjectEE10deallocateERS2_PS1_m
FN:188,_ZN9__gnu_cxx14__alloc_traitsISaI8triangleEE9constructIS1_EEvRS2_PS1_RKT_
FN:191,_ZN9__gnu_cxx14__alloc_traitsISaI8triangleEE7destroyERS2_PS1_
FN:194,_ZN9__gnu_cxx14__alloc_traitsISaI8triangleEE8max_sizeERKS2_
FNDA:18,_ZN9__gnu_cxx14__alloc_traitsISaI8triangleEE8allocateERS2_m
FNDA:0,_ZN9__gnu_cxx14__alloc_traitsISaI9t3DObjectEE10deallocateERS2_PS1_m
FNDA:0,_ZN9__gnu_cxx14__alloc_traitsISaI13tMaterialInfoEE10deallocateERS2_PS1_m
FNDA:18,_ZN9__gnu_cxx14__alloc_traitsISaI8triangleEE10deallocateERS2_PS1_m
FNDA:69451,_ZN9__gnu_cxx14__alloc_traitsISaI8triangleEE9constructIS1_EEvRS2_PS1_RKT_
FNDA:0,_ZN9__gnu_cxx14__alloc_traitsISaI8triangleEE7destroyERS2_PS1_
FNDA:36,_ZN9__gnu_cxx14__alloc_traitsISaI8triangleEE8max_sizeERKS2_
FNF:7
FNH:4
DA:181,18
DA:182,18
DA:184,18
DA:185,18
DA:188,69451
DA:189,69451
DA:191,0
DA:192,0
DA:194,36
DA:195,36
LF:10
LH:8
end_of_record
SF:/usr/include/c++/5/ext/new_allocator.h
FN:79,_ZN9__gnu_cxx13new_allocatorI13tMaterialInfoEC2Ev
FN:79,_ZN9__gnu_cxx13new_allocatorI9t3DObjectEC2Ev
FN:79,_ZN9__gnu_cxx13new_allocatorI8triangleEC2Ev
FN:86,_ZN9__gnu_cxx13new_allocatorI13tMaterialInfoED2Ev
FN:86,_ZN9__gnu_cxx13new_allocatorI9t3DObjectED2Ev
FN:86,_ZN9__gnu_cxx13new_allocatorI8triangleED2Ev
FN:99,_ZN9__gnu_cxx13new_allocatorI8triangleE8allocateEmPKv
FN:109,_ZN9__gnu_cxx13new_allocatorI8triangleE10deallocateEPS1_m
FN:109,_ZN9__gnu_cxx13new_allocatorI9t3DObjectE10deallocateEPS1_m
FN:109,_ZN9__gnu_cxx13new_allocatorI13tMaterialInfoE10deallocateEPS1_m
FN:113,_ZNK9__gnu_cxx13new_allocatorI8triangleE8max_sizeEv
FN:129,_ZN9__gnu_cxx13new_allocatorI8triangleE9constructEPS1_RKS1_
FN:133,_ZN9__gnu_cxx13new_allocatorI8triangleE7destroyEPS1_
FNDA:1,_ZN9__gnu_cxx13new_allocatorI8triangleEC2Ev
FNDA:1,_ZN9__gnu_cxx13new_allocatorI9t3DObjectEC2Ev
FNDA:1,_ZN9__gnu_cxx13new_allocatorI13tMaterialInfoEC2Ev
FNDA:1,_ZN9__gnu_cxx13new_allocatorI8triangleED2Ev
FNDA:1,_ZN9__gnu_cxx13new_allocatorI9t3DObjectED2Ev
FNDA:1,_ZN9__gnu_cxx13new_allocatorI13tMaterialInfoED2Ev
FNDA:18,_ZN9__gnu_cxx13new_allocatorI8triangleE8allocateEmPKv
FNDA:0,_ZN9__gnu_cxx13new_allocatorI9t3DObjectE10deallocateEPS1_m
FNDA:0,_ZN9__gnu_cxx13new_allocatorI13tMaterialInfoE10deallocateEPS1_m
FNDA:18,_ZN9__gnu_cxx13new_allocatorI8triangleE10deallocateEPS1_m
FNDA:54,_ZNK9__gnu_cxx13new_allocatorI8triangleE8max_sizeEv
FNDA:69451,_ZN9__gnu_cxx13new_allocatorI8triangleE9constructEPS1_RKS1_
FNDA:0,_ZN9__gnu_cxx13new_allocatorI8triangleE7destroyEPS1_
FNF:13
FNH:10
DA:79,3
DA:86,3
DA:99,18
DA:101,18
DA:102,0
DA:104,18
DA:109,18
DA:110,18
DA:113,54
DA:114,54
DA:129,69451
DA:130,69451
DA:133,0
LF:13
LH:11
end_of_record
SF:/usr/include/c++/5/iostream
DA:74,1
LF:1
LH:1
end_of_record
SF:/usr/include/c++/5/new
FN:129,_ZnwmPv
FNDA:0,_ZnwmPv
FNF:1
FNH:0
DA:129,0
DA:130,0
LF:2
LH:0
end_of_record
SF:/disk2/graphdev/ModelDrawD01/3dDrawOOP/3DS.h
FN:66,_ZN8t3DModelD2Ev
FN:66,_ZN8t3DModelC2Ev
FNDA:1,_ZN8t3DModelD2Ev
FNDA:1,_ZN8t3DModelC2Ev
FNF:2
FNH:2
DA:66,2
LF:1
LH:1
end_of_record
SF:/disk2/graphdev/ModelDrawD01/3dDrawOOP/c24bitmap.h
FN:472,_ZN9C24BitMapC2Ev
FN:482,_ZN9C24BitMapD2Ev
FN:513,_ZN9C24BitMap4LoadEPc
FNDA:0,_ZN9C24BitMapC2Ev
FNDA:0,_ZN9C24BitMapD2Ev
FNDA:1,_ZN9C24BitMap4LoadEPc
FNF:3
FNH:1
DA:472,0
DA:474,0
DA:475,0
DA:476,0
DA:477,0
DA:478,0
DA:479,0
DA:480,0
DA:482,0
DA:484,0
DA:485,0
DA:513,1
DA:515,1
DA:518,1
DA:520,1
DA:521,1
DA:525,1
DA:526,1
DA:528,1
DA:530,0
DA:531,0
DA:533,1
DA:534,1
DA:535,1
DA:536,1
DA:537,1
LF:26
LH:13
end_of_record
SF:/disk2/graphdev/ModelDrawD01/3dDrawOOP/include/texture.h
FN:12,_ZL12find_textureP9GLContexti
FN:48,_Z13alloc_textureP9GLContexti
FN:75,_Z13glGenTexturesiPj
FN:114,_Z15glopBindTextureP9GLContextP7GLParam
FN:129,_Z14glopTexImage2DP9GLContextP7GLParam
FN:177,_Z10glopTexEnvP9GLContextP7GLParam
FN:194,_Z16glopTexParameterP9GLContextP7GLParam
FN:213,_Z14glopPixelStoreP9GLContextP7GLParam
FNDA:0,_ZL12find_textureP9GLContexti
FNDA:0,_Z13alloc_textureP9GLContexti
FNDA:1,_Z13glGenTexturesiPj
FNDA:0,_Z15glopBindTextureP9GLContextP7GLParam
FNDA:0,_Z14glopTexImage2DP9GLContextP7GLParam
FNDA:0,_Z10glopTexEnvP9GLContextP7GLParam
FNDA:0,_Z16glopTexParameterP9GLContextP7GLParam
FNDA:0,_Z14glopPixelStoreP9GLContextP7GLParam
FNF:8
FNH:1
DA:12,0
DA:16,0
DA:17,0
DA:18,0
DA:19,0
DA:21,0
DA:48,0
DA:52,0
DA:54,0
DA:56,0
DA:57,0
DA:58,0
DA:59,0
DA:61,0
DA:63,0
DA:75,1
DA:77,1
DA:81,1
DA:82,257
DA:83,256
DA:84,258
DA:85,1
DA:86,1
DA:90,2
DA:91,1
DA:93,1
DA:114,0
DA:116,0
DA:117,0
DA:120,0
DA:122,0
DA:123,0
DA:124,0
DA:126,0
DA:127,0
DA:129,0
DA:131,0
DA:132,0
DA:133,0
DA:134,0
DA:135,0
DA:136,0
DA:137,0
DA:138,0
DA:139,0
DA:144,0
DA:145,0
DA:146,0
DA:147,0
DA:150,0
DA:151,0
DA:152,0
DA:154,0
DA:155,0
DA:156,0
DA:157,0
DA:159,0
DA:162,0
DA:163,0
DA:164,0
DA:165,0
DA:167,0
DA:168,0
DA:169,0
DA:172,0
DA:173,0
DA:177,0
DA:179,0
DA:180,0
DA:181,0
DA:183,0
DA:185,0
DA:188,0
DA:190,0
DA:191,0
DA:194,0
DA:196,0
DA:197,0
DA:198,0
DA:200,0
DA:202,0
DA:205,0
DA:208,0
DA:209,0
DA:211,0
DA:213,0
DA:215,0
DA:216,0
DA:218,0
DA:220,0
DA:222,0
LF:91
LH:11
end_of_record
SF:/disk2/graphdev/ModelDrawD01/3dDrawOOP/include/x11imp.h
FN:40,_Z13tkSwapBuffersv
FN:45,_Z13glXMakeDrawOkii
FN:161,_Z7ui_loopiPPcPKc
FNDA:1,_Z13tkSwapBuffersv
FNDA:1,_Z13glXMakeDrawOkii
FNDA:1,_Z7ui_loopiPPcPKc
FNF:3
FNH:3
DA:40,1
DA:42,1
DA:43,1
DA:45,1
DA:49,1
DA:54,1
DA:55,1
DA:60,1
DA:61,1
DA:62,0
DA:63,0
DA:66,1
DA:68,1
DA:69,1
DA:70,1
DA:71,1
DA:72,1
DA:73,1
DA:75,1
DA:78,1
DA:161,1
DA:187,1
DA:188,1
DA:209,1
DA:211,1
DA:212,1
DA:214,1
LF:27
LH:25
end_of_record
SF:/disk2/graphdev/ModelDrawD01/3dDrawOOP/include/zgl.h
FN:493,_Z14gl_get_contextv
FN:509,_Z7gl_freePv
FN:514,_Z9gl_malloci
FN:521,_Z9gl_zalloci
FNDA:0,_Z14gl_get_contextv
FNDA:0,_Z7gl_freePv
FNDA:0,_Z9gl_malloci
FNDA:0,_Z9gl_zalloci
FNF:4
FNH:0
DA:493,0
DA:495,0
DA:509,0
DA:511,0
DA:512,0
DA:514,0
DA:516,0
DA:517,0
DA:518,0
DA:521,0
DA:523,0
LF:11
LH:0
end_of_record
SF:/disk2/graphdev/ModelDrawD01/3dDrawOOP/main.cpp
FN:34,_Z13CreateTexturePjPci
FN:84,_Z11RenderScenev
FN:160,_Z7reshapeii
FN:182,_Z4initv
FN:219,_Z11drawPolygonPA3_f
FN:232,_Z12SurfSetColorfff
FN:255,_Z15StlShape_RenderRSt6vectorI8triangleSaIS0_EE
FN:287,_Z14Test_TRIANGLESv
FN:321,_Z9SetCamerav
FN:334,main
FN:456,_GLOBAL__sub_I__Z13tkSwapBuffersv
FN:456,_Z41__static_initialization_and_destruction_0ii
FNDA:1,_Z13CreateTexturePjPci
FNDA:1,_Z11RenderScenev
FNDA:2,_Z7reshapeii
FNDA:1,_Z4initv
FNDA:33,_Z11drawPolygonPA3_f
FNDA:4,_Z12SurfSetColorfff
FNDA:1,_Z15StlShape_RenderRSt6vectorI8triangleSaIS0_EE
FNDA:1,_Z14Test_TRIANGLESv
FNDA:1,_Z9SetCamerav
FNDA:1,main
FNDA:1,_GLOBAL__sub_I__Z13tkSwapBuffersv
FNDA:1,_Z41__static_initialization_and_destruction_0ii
FNF:12
FNH:12
DA:18,1
DA:19,1
DA:26,1
DA:34,1
DA:38,1
DA:39,0
DA:41,1
DA:44,1
DA:47,1
DA:49,1
DA:61,1
DA:62,1
DA:63,1
DA:64,1
DA:68,1
DA:70,2
DA:84,1
DA:97,2
DA:100,1
DA:103,1
DA:106,1
DA:109,1
DA:110,1
DA:111,1
DA:112,1
DA:116,0
DA:117,0
DA:120,1
DA:122,3187
DA:125,12744
DA:128,9558
DA:131,9558
DA:134,9558
DA:137,9558
DA:138,9558
DA:142,0
DA:144,0
DA:145,0
DA:148,9558
DA:152,1
DA:156,1
DA:158,1
DA:160,2
DA:162,2
DA:164,0
DA:167,2
DA:169,2
DA:170,2
DA:171,2
DA:173,2
DA:174,2
DA:175,2
DA:182,1
DA:185,1
DA:188,2
DA:191,1
DA:194,1
DA:198,1
DA:201,1
DA:202,1
DA:203,1
DA:205,1
DA:219,33
DA:222,33
DA:223,33
DA:225,165
DA:226,132
DA:227,33
DA:229,33
DA:232,4
DA:241,4
DA:243,4
DA:245,4
DA:246,4
DA:247,4
DA:248,4
DA:249,4
DA:251,4
DA:253,4
DA:255,1
DA:262,1
DA:263,69452
DA:266,277804
DA:269,208353
DA:271,416706
DA:272,208353
DA:273,416706
DA:282,1
DA:285,1
DA:287,1
DA:293,1
DA:303,1
DA:305,1
DA:307,1
DA:317,1
DA:320,1
DA:321,1
DA:323,1
DA:324,1
DA:326,1
DA:328,1
DA:329,1
DA:330,1
DA:331,1
DA:333,1
DA:334,1
DA:336,1
DA:343,1
DA:344,1
DA:347,1
DA:356,1
DA:357,1
DA:359,1
DA:363,1
DA:364,1
DA:365,1
DA:366,1
DA:367,1
DA:368,1
DA:369,1
DA:370,1
DA:371,1
DA:372,1
DA:377,1
DA:379,1
DA:380,1
DA:381,1
DA:382,1
DA:383,1
DA:384,1
DA:385,1
DA:387,1
DA:388,1
DA:391,1
DA:394,1
DA:395,1
DA:396,1
DA:397,1
DA:398,1
DA:399,1
DA:400,1
DA:402,1
DA:403,1
DA:406,1
DA:411,2
DA:413,2
DA:414,1
DA:416,1
DA:417,1
DA:418,1
DA:419,1
DA:420,11
DA:422,10
DA:426,10
DA:428,1
DA:429,1
DA:430,11
DA:432,10
DA:436,10
DA:438,1
DA:439,1
DA:441,11
DA:443,10
DA:447,10
DA:449,1
DA:450,1
DA:452,1
DA:453,1
DA:454,1
DA:455,1
DA:456,3
LF:171
LH:164
end_of_record
SF:/disk2/graphdev/ModelDrawD01/3dDrawOOP/readstl.h
FN:28,_Z7Add3DPt5vec3dS_
FN:37,_ZplRK5vec3dS1_
FN:55,_Z20read_binary_STL_fileNSt7__cxx1112basic_stringIcSt11char_traitsIcESaIcEEERSt6vectorI8triangleSaIS6_EERdSA_SA_SA_SA_SA_
FNDA:0,_Z7Add3DPt5vec3dS_
FNDA:0,_ZplRK5vec3dS1_
FNDA:1,_Z20read_binary_STL_fileNSt7__cxx1112basic_stringIcSt11char_traitsIcESaIcEEERSt6vectorI8triangleSaIS6_EERdSA_SA_SA_SA_SA_
FNF:3
FNH:1
DA:28,0
DA:31,0
DA:32,0
DA:33,0
DA:34,0
DA:37,0
DA:39,0
DA:55,1
DA:59,2
DA:62,2
DA:67,1
DA:71,1
DA:73,0
DA:74,0
DA:78,1
DA:82,1
DA:92,1
DA:93,1
DA:94,1
DA:99,69452
DA:102,69451
DA:103,69451
DA:104,69451
DA:107,69451
DA:108,69451
DA:109,69451
DA:112,69451
DA:113,69451
DA:114,69451
DA:117,69451
DA:118,69451
DA:119,69451
DA:122,69451
DA:125,69451
DA:126,69451
DA:127,69451
DA:128,69451
DA:129,69451
DA:130,69451
DA:133,69451
DA:134,69451
DA:135,69451
DA:136,69451
DA:137,69451
DA:138,69451
DA:141,69451
DA:142,69451
DA:143,69451
DA:144,69451
DA:145,69451
DA:146,69451
DA:149,69451
DA:153,1
DA:155,1
LF:54
LH:45
end_of_record
TN:
SF:/disk2/graphdev/ModelDrawD01/3dDrawOOP/TyGL/image_util.cpp
FN:9,_Z27gl_resizeImageNoInterpolatePhiiS_ii
FNDA:1,_Z27gl_resizeImageNoInterpolatePhiiS_ii
FNF:1
FNH:1
DA:9,1
DA:16,1
DA:17,1
DA:19,1
DA:20,1
DA:22,1
DA:23,257
DA:24,256
DA:25,65792
DA:26,65536
DA:27,65536
DA:28,65536
DA:30,65536
DA:31,65536
DA:32,65536
DA:34,65536
DA:35,65536
DA:37,256
DA:39,1
LF:19
LH:19
end_of_record
TN:
SF:/disk2/graphdev/ModelDrawD01/3dDrawOOP/TyGL/clip.cpp
FN:18,_ZL11gl_clipcodeffff
FN:31,_Z24gl_transform_to_viewportP9GLContextP8GLVertex
FN:70,_Z19gl_vertex_transformP9GLContextP8GLVertex
FN:142,_ZL9clip_xminP2V4S0_S0_
FN:160,_ZL9clip_xmaxP2V4S0_S0_
FN:177,_ZL9clip_yminP2V4S0_S0_
FN:194,_ZL9clip_ymaxP2V4S0_S0_
FN:209,_ZL9clip_zminP2V4S0_S0_
FN:223,_ZL9clip_zmaxP2V4S0_S0_
FN:247,_ZL9updateTmpP9GLContextP8GLVertexS2_S2_f
FN:273,_Z16gl_draw_triangleP9GLContextP8GLVertexS2_S2_
FN:324,_ZL21gl_draw_triangle_clipP9GLContextP8GLVertexS2_S2_i
FN:408,_Z21gl_draw_triangle_fillP9GLContextP8GLVertexS2_S2_
FNDA:218360,_ZL11gl_clipcodeffff
FNDA:218138,_Z24gl_transform_to_viewportP9GLContextP8GLVertex
FNDA:218046,_Z19gl_vertex_transformP9GLContextP8GLVertex
FNDA:72,_ZL9clip_xminP2V4S0_S0_
FNDA:138,_ZL9clip_xmaxP2V4S0_S0_
FNDA:40,_ZL9clip_yminP2V4S0_S0_
FNDA:64,_ZL9clip_ymaxP2V4S0_S0_
FNDA:0,_ZL9clip_zminP2V4S0_S0_
FNDA:0,_ZL9clip_zmaxP2V4S0_S0_
FNDA:314,_ZL9updateTmpP9GLContextP8GLVertexS2_S2_f
FNDA:72816,_Z16gl_draw_triangleP9GLContextP8GLVertexS2_S2_
FNDA:270,_ZL21gl_draw_triangle_clipP9GLContextP8GLVertexS2_S2_i
FNDA:67557,_Z21gl_draw_triangle_fillP9GLContextP8GLVertexS2_S2_
FNF:13
FNH:11
DA:18,218360
DA:22,218360
DA:23,436720
DA:24,436720
DA:25,436720
DA:26,436720
DA:27,218360
DA:28,218360
DA:31,218138
DA:36,218138
DA:37,218138
DA:38,218138
DA:39,218138
DA:40,218138
DA:41,218138
DA:42,218138
DA:44,218138
DA:45,218138
DA:46,218138
DA:47,218138
DA:48,218138
DA:49,218138
DA:50,218138
DA:53,0
DA:54,0
DA:55,0
DA:60,218138
DA:61,9558
DA:62,9558
DA:63,9558
DA:64,9558
DA:66,218138
DA:70,218046
DA:75,218046
DA:78,218046
DA:79,436092
DA:80,436092
DA:81,436092
DA:82,436092
DA:83,436092
DA:84,436092
DA:85,436092
DA:86,436092
DA:89,218046
DA:90,436092
DA:91,436092
DA:92,436092
DA:93,436092
DA:94,436092
DA:95,436092
DA:96,436092
DA:97,436092
DA:99,218046
DA:100,218046
DA:102,218046
DA:103,218046
DA:104,218046
DA:106,218046
DA:107,0
DA:112,0
DA:114,0
DA:115,0
DA:116,0
DA:117,0
DA:118,0
DA:119,0
DA:120,0
DA:121,0
DA:123,0
DA:124,0
DA:128,218046
DA:129,218046
DA:142,72
DA:144,72
DA:145,72
DA:146,72
DA:147,72
DA:148,72
DA:149,72
DA:150,0
DA:152,72
DA:153,72
DA:154,72
DA:155,72
DA:156,72
DA:157,72
DA:160,138
DA:161,138
DA:162,138
DA:163,138
DA:164,138
DA:165,138
DA:166,138
DA:167,0
DA:169,138
DA:170,138
DA:171,138
DA:172,138
DA:173,138
DA:174,138
DA:177,40
DA:178,40
DA:179,40
DA:180,40
DA:181,40
DA:182,40
DA:183,40
DA:184,0
DA:186,40
DA:187,40
DA:188,40
DA:189,40
DA:190,40
DA:191,40
DA:194,64
DA:195,64
DA:196,64
DA:197,64
DA:198,64
DA:199,64
DA:200,64
DA:201,64
DA:202,64
DA:203,64
DA:204,64
DA:205,64
DA:206,64
DA:209,0
DA:210,0
DA:211,0
DA:212,0
DA:213,0
DA:214,0
DA:215,0
DA:216,0
DA:217,0
DA:218,0
DA:219,0
DA:220,0
DA:221,0
DA:223,0
DA:224,0
DA:225,0
DA:226,0
DA:227,0
DA:228,0
DA:229,0
DA:230,0
DA:231,0
DA:232,0
DA:233,0
DA:234,0
DA:235,0
DA:247,314
DA:250,314
DA:251,314
DA:252,314
DA:253,314
DA:255,0
DA:256,0
DA:257,0
DA:260,314
DA:261,0
DA:262,0
DA:265,314
DA:266,314
DA:267,170
DA:268,314
DA:273,72816
DA:279,72816
DA:280,72816
DA:281,72816
DA:283,72816
DA:286,72816
DA:288,72750
DA:289,72750
DA:291,77943
DA:293,67557
DA:294,67557
DA:297,67557
DA:299,0
DA:300,0
DA:301,0
DA:302,0
DA:303,0
DA:304,0
DA:306,0
DA:310,67557
DA:311,34301
DA:313,33256
DA:317,66
DA:318,66
DA:319,54
DA:324,270
DA:331,270
DA:332,270
DA:333,270
DA:335,270
DA:336,270
DA:337,112
DA:339,158
DA:341,159
DA:344,263
DA:345,53
DA:349,157
DA:356,0
DA:359,157
DA:360,157
DA:362,157
DA:365,59
DA:366,19
DA:367,18
DA:369,59
DA:370,59
DA:372,59
DA:373,59
DA:375,59
DA:376,59
DA:377,59
DA:378,59
DA:380,59
DA:381,59
DA:382,59
DA:383,59
DA:387,98
DA:388,58
DA:389,30
DA:391,98
DA:392,98
DA:394,98
DA:395,98
DA:397,98
DA:398,98
DA:399,98
DA:408,67557
DA:413,67557
DA:415,3179
DA:416,3179
DA:417,64378
DA:418,64378
DA:420,67557
LF:241
LH:184
end_of_record
SF:/disk2/graphdev/ModelDrawD01/3dDrawOOP/include/zmath.h
FN:58,_Z10gl_V3_NormP2V3
FNDA:0,_Z10gl_V3_NormP2V3
FNF:1
FNH:0
DA:58,0
DA:61,0
DA:62,0
DA:63,0
DA:64,0
DA:65,0
DA:66,0
LF:7
LH:0
end_of_record
TN:
SF:/disk2/graphdev/ModelDrawD01/3dDrawOOP/TyGL/kh_project.cpp
FN:12,_ZL18__gluMakeIdentityfPf
FN:27,_ZL9normalizePf
FN:39,_ZL5crossPfS_S_
FN:49,_Z12glTranslatedddd
FN:58,_Z9gluLookAtddddddddd
FNDA:1,_ZL18__gluMakeIdentityfPf
FNDA:2,_ZL9normalizePf
FNDA:2,_ZL5crossPfS_S_
FNDA:1,_Z12glTranslatedddd
FNDA:1,_Z9gluLookAtddddddddd
FNF:5
FNH:5
DA:12,1
DA:14,1
DA:15,1
DA:16,1
DA:17,1
DA:18,1
DA:27,2
DA:31,2
DA:32,2
DA:34,2
DA:35,2
DA:36,2
DA:39,2
DA:41,2
DA:42,2
DA:43,2
DA:44,2
DA:49,1
DA:52,1
DA:53,1
DA:58,1
DA:65,1
DA:66,1
DA:67,1
DA:69,1
DA:70,1
DA:71,1
DA:73,1
DA:76,1
DA:77,1
DA:80,1
DA:82,1
DA:83,1
DA:84,1
DA:85,1
DA:87,1
DA:88,1
DA:89,1
DA:91,1
DA:92,1
DA:93,1
DA:95,1
DA:96,1
DA:97,1
LF:44
LH:44
end_of_record
TN:
SF:/disk2/graphdev/ModelDrawD01/3dDrawOOP/TyGL/misc.cpp
FN:4,_Z12glopViewportP9GLContextP7GLParam
FN:45,_Z17glopEnableDisableP9GLContextP7GLParam
FNDA:3,_Z12glopViewportP9GLContextP7GLParam
FNDA:13,_Z17glopEnableDisableP9GLContextP7GLParam
FNF:2
FNH:2
DA:4,3
DA:8,3
DA:9,3
DA:10,3
DA:11,3
DA:15,6
DA:16,6
DA:17,5
DA:18,2
DA:20,1
DA:21,1
DA:23,1
DA:24,0
DA:25,0
DA:28,1
DA:29,1
DA:30,1
DA:31,0
DA:36,1
DA:37,1
DA:38,1
DA:39,1
DA:41,1
DA:43,3
DA:45,13
DA:47,13
DA:48,13
DA:50,13
DA:52,0
DA:53,0
DA:55,2
DA:56,2
DA:58,2
DA:59,2
DA:61,3
DA:62,3
DA:64,0
DA:65,0
DA:67,1
DA:68,1
DA:70,0
DA:71,0
DA:72,0
DA:74,0
DA:75,0
DA:76,0
DA:78,0
DA:79,0
DA:80,0
DA:82,5
DA:83,5
DA:89,5
DA:91,13
LF:53
LH:37
end_of_record
TN:
SF:/disk2/graphdev/ModelDrawD01/3dDrawOOP/TyGL/ztriangle.cpp
FN:12,_Z10PUT_PIXELKiRdS_PhPdRjS2_S2_RiS3_S3_S3_
FN:29,_Z21ZB_fillTriangleSmoothP7ZBufferP12ZBufferPointS2_S2_
FN:271,_Z13ZB_setTextureP7ZBufferPh
FN:285,_Z13PUT_PIXEL_TEXiPhRdS0_S_PdRjS2_RiS3_S3_
FN:305,_Z33ZB_fillTriangleMappingPerspectiveP7ZBufferP12ZBufferPointS2_S2_
FNDA:906476,_Z10PUT_PIXELKiRdS_PhPdRjS2_S2_RiS3_S3_S3_
FNDA:64378,_Z21ZB_fillTriangleSmoothP7ZBufferP12ZBufferPointS2_S2_
FNDA:3179,_Z13ZB_setTextureP7ZBufferPh
FNDA:149778,_Z13PUT_PIXEL_TEXiPhRdS0_S_PdRjS2_RiS3_S3_
FNDA:3179,_Z33ZB_fillTriangleMappingPerspectiveP7ZBufferP12ZBufferPointS2_S2_
FNF:5
FNH:5
DA:12,906476
DA:17,906476
DA:18,906476
DA:19,656009
DA:20,656009
DA:21,656009
DA:22,656009
DA:24,906476
DA:25,906476
DA:26,906476
DA:27,906476
DA:28,906476
DA:29,64378
DA:58,64378
DA:59,28347
DA:60,28347
DA:61,28347
DA:63,64378
DA:64,18436
DA:65,18436
DA:66,18436
DA:67,18436
DA:68,45942
DA:69,17784
DA:70,17784
DA:71,17784
DA:76,64378
DA:77,64378
DA:79,64378
DA:80,64378
DA:82,64378
DA:83,64378
DA:84,0
DA:85,64378
DA:87,64378
DA:88,64378
DA:89,64378
DA:90,64378
DA:93,64378
DA:94,64378
DA:95,64378
DA:96,64378
DA:98,64378
DA:99,64378
DA:100,64378
DA:101,64378
DA:103,64378
DA:104,64378
DA:105,64378
DA:106,64378
DA:108,64378
DA:109,64378
DA:110,64378
DA:111,64378
DA:116,64378
DA:117,64378
DA:121,193134
DA:122,128756
DA:123,64378
DA:124,31597
DA:125,31597
DA:126,31597
DA:127,31597
DA:128,31597
DA:129,31597
DA:131,32781
DA:132,32781
DA:133,32781
DA:134,32781
DA:135,32781
DA:136,32781
DA:138,64378
DA:141,64378
DA:142,31597
DA:143,31597
DA:144,31597
DA:145,31597
DA:147,32781
DA:148,32781
DA:149,32781
DA:150,32781
DA:152,64378
DA:157,128756
DA:158,97159
DA:159,97159
DA:160,97159
DA:161,76388
DA:163,20771
DA:164,97159
DA:165,97159
DA:166,97159
DA:167,97159
DA:168,97159
DA:170,97159
DA:171,97159
DA:172,97159
DA:174,97159
DA:175,97159
DA:176,97159
DA:178,97159
DA:179,97159
DA:180,97159
DA:182,97159
DA:183,97159
DA:184,97159
DA:191,128756
DA:192,95975
DA:193,95975
DA:194,95975
DA:195,76425
DA:197,19550
DA:198,95975
DA:203,744008
DA:204,307626
DA:214,307626
DA:215,307626
DA:217,307626
DA:218,307626
DA:220,307626
DA:221,307626
DA:222,307626
DA:225,2120578
DA:226,906476
DA:228,906476
DA:230,906476
DA:231,906476
DA:235,307626
DA:236,307626
DA:237,107701
DA:238,107701
DA:240,107701
DA:242,107701
DA:243,107701
DA:244,107701
DA:248,199925
DA:250,199925
DA:252,199925
DA:253,199925
DA:254,199925
DA:260,307626
DA:263,307626
DA:264,307626
DA:271,3179
DA:273,3179
DA:274,3179
DA:285,149778
DA:291,149778
DA:292,149778
DA:293,145398
DA:294,145398
DA:295,145398
DA:296,145398
DA:297,145398
DA:299,149778
DA:300,149778
DA:301,149778
DA:302,149778
DA:305,3179
DA:350,3179
DA:351,1349
DA:352,1349
DA:353,1349
DA:355,3179
DA:356,1533
DA:357,1533
DA:358,1533
DA:359,1533
DA:360,1646
DA:361,86
DA:362,86
DA:363,86
DA:368,3179
DA:369,3179
DA:371,3179
DA:372,3179
DA:374,3179
DA:375,3179
DA:376,0
DA:377,3179
DA:379,3179
DA:380,3179
DA:381,3179
DA:382,3179
DA:385,3179
DA:386,3179
DA:387,3179
DA:388,3179
DA:396,3179
DA:397,3179
DA:398,3179
DA:399,3179
DA:400,3179
DA:401,3179
DA:402,3179
DA:403,3179
DA:404,3179
DA:406,3179
DA:407,3179
DA:408,3179
DA:409,3179
DA:411,3179
DA:412,3179
DA:413,3179
DA:414,3179
DA:419,3179
DA:420,3179
DA:425,3179
DA:426,3179
DA:427,3179
DA:428,3179
DA:429,3179
DA:434,9537
DA:435,6358
DA:436,3179
DA:437,1377
DA:438,1377
DA:439,1377
DA:440,1377
DA:441,1377
DA:442,1377
DA:444,1802
DA:445,1802
DA:446,1802
DA:447,1802
DA:448,1802
DA:449,1802
DA:451,3179
DA:454,3179
DA:455,1377
DA:456,1377
DA:457,1377
DA:458,1377
DA:460,1802
DA:461,1802
DA:462,1802
DA:463,1802
DA:465,3179
DA:470,6358
DA:471,4981
DA:472,4981
DA:473,4981
DA:474,4499
DA:476,482
DA:477,4981
DA:478,4981
DA:479,4981
DA:480,4981
DA:481,4981
DA:484,4981
DA:485,4981
DA:486,4981
DA:490,4981
DA:491,4981
DA:492,4981
DA:494,4981
DA:495,4981
DA:496,4981
DA:502,6358
DA:503,4556
DA:504,4556
DA:505,4556
DA:506,4518
DA:508,38
DA:509,4556
DA:514,73468
DA:515,33555
DA:524,33555
DA:525,33555
DA:526,33555
DA:527,33555
DA:528,33555
DA:529,33555
DA:530,33555
DA:531,33555
DA:532,48037
DA:535,7241
DA:536,7241
DA:537,7241
DA:538,7241
DA:539,7241
DA:540,7241
DA:541,7241
DA:542,7241
DA:544,7241
DA:545,7241
DA:546,7241
DA:547,7241
DA:548,7241
DA:549,7241
DA:550,7241
DA:551,7241
DA:552,7241
DA:553,7241
DA:554,7241
DA:555,7241
DA:556,7241
DA:560,33555
DA:561,33555
DA:562,33555
DA:563,33555
DA:564,33555
DA:565,33555
DA:567,217255
DA:568,91850
DA:569,91850
DA:570,91850
DA:571,91850
DA:576,33555
DA:577,33555
DA:578,16799
DA:579,16799
DA:581,16799
DA:585,16799
DA:586,16799
DA:589,16756
DA:591,16756
DA:595,16756
DA:596,16756
DA:601,33555
DA:604,33555
DA:605,33555
LF:321
LH:319
end_of_record
TN:
SF:/disk2/graphdev/ModelDrawD01/3dDrawOOP/TyGL/light.cpp
FN:4,_Z12glopMaterialP9GLContextP7GLParam
FN:59,_Z17glopColorMaterialP9GLContextP7GLParam
FN:68,_Z9glopLightP9GLContextP7GLParam
FN:141,_Z14glopLightModelP9GLContextP7GLParam
FN:166,_ZL6clampffff
FN:173,_Z23gl_enable_disable_lightP9GLContextii
FN:190,_Z15gl_shade_vertexP9GLContextP8GLVertex
FNDA:34,_Z12glopMaterialP9GLContextP7GLParam
FNDA:0,_Z17glopColorMaterialP9GLContextP7GLParam
FNDA:6,_Z9glopLightP9GLContextP7GLParam
FNDA:0,_Z14glopLightModelP9GLContextP7GLParam
FNDA:872184,_ZL6clampffff
FNDA:5,_Z23gl_enable_disable_lightP9GLContextii
FNDA:218046,_Z15gl_shade_vertexP9GLContextP8GLVertex
FNF:7
FNH:5
DA:4,34
DA:6,34
DA:7,34
DA:10,34
DA:11,34
DA:12,34
DA:13,34
DA:14,34
DA:19,34
DA:20,17
DA:21,17
DA:22,17
DA:24,34
DA:25,17
DA:27,34
DA:29,0
DA:30,0
DA:31,0
DA:33,40
DA:34,32
DA:35,8
DA:37,40
DA:38,32
DA:39,8
DA:41,40
DA:42,32
DA:43,8
DA:45,8
DA:46,8
DA:47,8
DA:49,10
DA:50,8
DA:51,10
DA:52,8
DA:53,2
DA:55,0
DA:57,34
DA:59,0
DA:61,0
DA:62,0
DA:64,0
DA:65,0
DA:66,0
DA:68,6
DA:70,6
DA:71,6
DA:76,6
DA:78,6
DA:80,6
DA:82,6
DA:84,0
DA:85,0
DA:87,0
DA:88,0
DA:90,0
DA:91,0
DA:95,3
DA:97,3
DA:99,3
DA:100,0
DA:101,0
DA:102,0
DA:104,0
DA:107,3
DA:109,12
DA:110,9
DA:111,9
DA:113,3
DA:114,3
DA:116,0
DA:117,0
DA:120,0
DA:121,0
DA:122,0
DA:123,0
DA:125,0
DA:127,0
DA:128,0
DA:130,0
DA:131,0
DA:133,0
DA:134,0
DA:136,0
DA:138,6
DA:141,0
DA:143,0
DA:144,0
DA:147,0
DA:149,0
DA:150,0
DA:151,0
DA:153,0
DA:154,0
DA:156,0
DA:157,0
DA:161,0
DA:163,0
DA:166,872184
DA:168,872184
DA:169,872184
DA:170,861693
DA:173,5
DA:175,5
DA:176,5
DA:177,4
DA:178,4
DA:179,4
DA:180,4
DA:181,1
DA:182,0
DA:183,0
DA:184,0
DA:185,0
DA:187,5
DA:190,218046
DA:197,218046
DA:199,218046
DA:201,218046
DA:202,218046
DA:203,218046
DA:205,218046
DA:206,218046
DA:207,218046
DA:208,218046
DA:210,1061556
DA:214,843510
DA:215,843510
DA:216,843510
DA:218,843510
DA:220,218046
DA:221,218046
DA:222,218046
DA:223,218046
DA:226,625464
DA:227,625464
DA:228,625464
DA:229,625464
DA:230,625464
DA:231,625464
DA:232,625464
DA:233,625464
DA:234,625464
DA:236,1250928
DA:237,1250928
DA:239,843510
DA:240,843510
DA:241,843510
DA:243,418596
DA:244,418596
DA:245,418596
DA:248,418596
DA:249,0
DA:250,0
DA:251,0
DA:252,0
DA:253,0
DA:255,0
DA:258,0
DA:259,0
DA:266,418596
DA:268,0
DA:269,0
DA:270,0
DA:271,0
DA:272,0
DA:273,0
DA:274,0
DA:276,418596
DA:277,418596
DA:278,418596
DA:280,418596
DA:281,418596
DA:282,418596
DA:285,387060
DA:286,387060
DA:287,387060
DA:293,387060
DA:294,387060
DA:295,387060
DA:296,387060
DA:297,387060
DA:298,387060
DA:299,387060
DA:303,843510
DA:304,843510
DA:305,843510
DA:308,218046
DA:309,218046
DA:310,218046
DA:311,218046
DA:312,218046
LF:191
LH:125
end_of_record
SF:/disk2/graphdev/ModelDrawD01/3dDrawOOP/include/zmath.h
FN:58,_Z10gl_V3_NormP2V3
FN:159,_ZN2M411gl_M4_MulV4EP2V4PS_S1_
FNDA:3,_Z10gl_V3_NormP2V3
FNDA:0,_ZN2M411gl_M4_MulV4EP2V4PS_S1_
FNF:2
FNH:1
DA:58,3
DA:61,3
DA:62,3
DA:63,3
DA:64,3
DA:65,3
DA:66,3
DA:159,0
DA:161,0
DA:162,0
DA:163,0
DA:164,0
DA:165,0
LF:13
LH:7
end_of_record
TN:
SF:/usr/include/c++/5/bits/move.h
FN:47,_ZSt11__addressofI2M4EPT_RS1_
FNDA:48,_ZSt11__addressofI2M4EPT_RS1_
FNF:1
FNH:1
DA:47,48
DA:50,48
LF:2
LH:2
end_of_record
SF:/usr/include/c++/5/bits/stl_algobase.h
FN:219,_ZSt3maxImERKT_S2_S2_
FN:282,_ZSt12__niter_baseIP2M4ENSt11_Niter_baseIT_E13iterator_typeES3_
FN:293,_ZSt12__miter_baseIP2M4ENSt11_Miter_baseIT_E13iterator_typeES3_
FN:545,_ZNSt20__copy_move_backwardILb0ELb0ESt26random_access_iterator_tagE13__copy_move_bIP2M4S4_EET0_T_S6_S5_
FN:593,_ZSt22__copy_move_backward_aILb0EP2M4S1_ET1_T0_S3_S2_
FN:611,_ZSt23__copy_move_backward_a2ILb0EP2M4S1_ET1_T0_S3_S2_
FN:638,_ZSt13copy_backwardIP2M4S1_ET0_T_S3_S2_
FN:697,_ZSt8__fill_aIP2M4S0_EN9__gnu_cxx11__enable_ifIXntsrSt11__is_scalarIT0_E7__valueEvE6__typeET_S9_RKS5_
FN:740,_ZSt4fillIP2M4S0_EvT_S2_RKT0_
FNDA:0,_ZSt3maxImERKT_S2_S2_
FNDA:0,_ZSt12__niter_baseIP2M4ENSt11_Niter_baseIT_E13iterator_typeES3_
FNDA:0,_ZSt12__miter_baseIP2M4ENSt11_Miter_baseIT_E13iterator_typeES3_
FNDA:0,_ZNSt20__copy_move_backwardILb0ELb0ESt26random_access_iterator_tagE13__copy_move_bIP2M4S4_EET0_T_S6_S5_
FNDA:0,_ZSt22__copy_move_backward_aILb0EP2M4S1_ET1_T0_S3_S2_
FNDA:0,_ZSt23__copy_move_backward_a2ILb0EP2M4S1_ET1_T0_S3_S2_
FNDA:0,_ZSt13copy_backwardIP2M4S1_ET0_T_S3_S2_
FNDA:0,_ZSt8__fill_aIP2M4S0_EN9__gnu_cxx11__enable_ifIXntsrSt11__is_scalarIT0_E7__valueEvE6__typeET_S9_RKS5_
FNDA:0,_ZSt4fillIP2M4S0_EvT_S2_RKT0_
FNF:9
FNH:0
DA:219,0
DA:224,0
DA:225,0
DA:226,0
DA:282,0
DA:283,0
DA:293,0
DA:294,0
DA:545,0
DA:548,0
DA:549,0
DA:550,0
DA:593,0
DA:601,0
DA:606,0
DA:611,0
DA:614,0
DA:615,0
DA:638,0
DA:649,0
DA:650,0
DA:697,0
DA:700,0
DA:701,0
DA:702,0
DA:740,0
DA:747,0
DA:749,0
LF:28
LH:0
end_of_record
SF:/usr/include/c++/5/bits/stl_construct.h
FN:79,_ZSt10_ConstructI2M4S0_EvPT_RKT0_
FN:112,_ZNSt12_Destroy_auxILb1EE9__destroyIP2M4EEvT_S4_
FN:122,_ZSt8_DestroyIP2M4EvT_S2_
FN:148,_ZSt8_DestroyIP2M4S0_EvT_S2_RSaIT0_E
FNDA:48,_ZSt10_ConstructI2M4S0_EvPT_RKT0_
FNDA:3,_ZNSt12_Destroy_auxILb1EE9__destroyIP2M4EEvT_S4_
FNDA:3,_ZSt8_DestroyIP2M4EvT_S2_
FNDA:3,_ZSt8_DestroyIP2M4S0_EvT_S2_RSaIT0_E
FNF:4
FNH:4
DA:79,48
DA:83,48
DA:84,48
DA:112,3
DA:122,3
DA:126,3
DA:128,3
DA:148,3
DA:151,3
DA:152,3
LF:10
LH:10
end_of_record
SF:/usr/include/c++/5/bits/stl_iterator.h
FN:740,_ZN9__gnu_cxx17__normal_iteratorIP2M4St6vectorIS1_SaIS1_EEEC2ERKS2_
FN:805,_ZNK9__gnu_cxx17__normal_iteratorIP2M4St6vectorIS1_SaIS1_EEE4baseEv
FN:923,_ZN9__gnu_cxxmiIP2M4St6vectorIS1_SaIS1_EEEENS_17__normal_iteratorIT_T0_E15difference_typeERKS9_SC_
FNDA:6,_ZN9__gnu_cxx17__normal_iteratorIP2M4St6vectorIS1_SaIS1_EEEC2ERKS2_
FNDA:12,_ZNK9__gnu_cxx17__normal_iteratorIP2M4St6vectorIS1_SaIS1_EEE4baseEv
FNDA:3,_ZN9__gnu_cxxmiIP2M4St6vectorIS1_SaIS1_EEEENS_17__normal_iteratorIT_T0_E15difference_typeERKS9_SC_
FNF:3
FNH:3
DA:740,6
DA:741,6
DA:805,12
DA:806,12
DA:923,3
DA:926,3
LF:6
LH:6
end_of_record
SF:/usr/include/c++/5/bits/stl_iterator_base_types.h
FN:215,_ZNSt10_Iter_baseIP2M4Lb0EE7_S_baseES1_
FNDA:0,_ZNSt10_Iter_baseIP2M4Lb0EE7_S_baseES1_
FNF:1
FNH:0
DA:215,0
DA:216,0
LF:2
LH:0
end_of_record
SF:/usr/include/c++/5/bits/stl_uninitialized.h
FN:68,_ZNSt20__uninitialized_copyILb0EE13__uninit_copyIP2M4S3_EET0_T_S5_S4_
FN:107,_ZSt18uninitialized_copyIP2M4S1_ET0_T_S3_S2_
FN:195,_ZNSt22__uninitialized_fill_nILb0EE15__uninit_fill_nIP2M4mS2_EET_S4_T0_RKT1_
FN:236,_ZSt20uninitialized_fill_nIP2M4mS0_ET_S2_T0_RKT1_
FN:279,_ZSt22__uninitialized_copy_aIP2M4S1_S0_ET0_T_S3_S2_RSaIT1_E
FN:286,_ZSt22__uninitialized_move_aIP2M4S1_SaIS0_EET0_T_S4_S3_RT1_
FN:297,_ZSt34__uninitialized_move_if_noexcept_aIP2M4S1_SaIS0_EET0_T_S4_S3_RT1_
FN:356,_ZSt24__uninitialized_fill_n_aIP2M4mS0_S0_ET_S2_T0_RKT1_RSaIT2_E
FNDA:6,_ZNSt20__uninitialized_copyILb0EE13__uninit_copyIP2M4S3_EET0_T_S5_S4_
FNDA:6,_ZSt18uninitialized_copyIP2M4S1_ET0_T_S3_S2_
FNDA:3,_ZNSt22__uninitialized_fill_nILb0EE15__uninit_fill_nIP2M4mS2_EET_S4_T0_RKT1_
FNDA:3,_ZSt20uninitialized_fill_nIP2M4mS0_ET_S2_T0_RKT1_
FNDA:6,_ZSt22__uninitialized_copy_aIP2M4S1_S0_ET0_T_S3_S2_RSaIT1_E
FNDA:0,_ZSt22__uninitialized_move_aIP2M4S1_SaIS0_EET0_T_S4_S3_RT1_
FNDA:6,_ZSt34__uninitialized_move_if_noexcept_aIP2M4S1_SaIS0_EET0_T_S4_S3_RT1_
FNDA:3,_ZSt24__uninitialized_fill_n_aIP2M4mS0_S0_ET_S2_T0_RKT1_RSaIT2_E
FNF:8
FNH:7
DA:68,6
DA:71,6
DA:74,6
DA:75,0
DA:76,6
DA:107,6
DA:115,6
DA:126,6
DA:195,3
DA:198,3
DA:201,99
DA:202,48
DA:203,3
DA:236,3
DA:241,3
DA:247,3
DA:279,6
DA:281,6
DA:286,0
DA:291,0
DA:297,6
DA:304,6
DA:356,3
DA:358,3
LF:24
LH:21
end_of_record
SF:/usr/include/c++/5/bits/stl_vector.h
FN:113,_ZNSt12_Vector_baseI2M4SaIS0_EE19_M_get_Tp_allocatorEv
FN:117,_ZNKSt12_Vector_baseI2M4SaIS0_EE19_M_get_Tp_allocatorEv
FN:167,_ZNSt12_Vector_baseI2M4SaIS0_EE11_M_allocateEm
FN:174,_ZNSt12_Vector_baseI2M4SaIS0_EE13_M_deallocateEPS0_m
FN:547,_ZNSt6vectorI2M4SaIS0_EE5beginEv
FN:565,_ZNSt6vectorI2M4SaIS0_EE3endEv
FN:654,_ZNKSt6vectorI2M4SaIS0_EE4sizeEv
FN:659,_ZNKSt6vectorI2M4SaIS0_EE8max_sizeEv
FN:713,_ZNSt6vectorI2M4SaIS0_EE6resizeEmS0_
FN:779,_ZNSt6vectorI2M4SaIS0_EEixEm
FN:1072,_ZNSt6vectorI2M4SaIS0_EE6insertEN9__gnu_cxx17__normal_iteratorIPS0_S2_EEmRKS0_
FN:1422,_ZNKSt6vectorI2M4SaIS0_EE12_M_check_lenEmPKc
FN:1436,_ZNSt6vectorI2M4SaIS0_EE15_M_erase_at_endEPS0_
FNDA:12,_ZNSt12_Vector_baseI2M4SaIS0_EE19_M_get_Tp_allocatorEv
FNDA:6,_ZNKSt12_Vector_baseI2M4SaIS0_EE19_M_get_Tp_allocatorEv
FNDA:3,_ZNSt12_Vector_baseI2M4SaIS0_EE11_M_allocateEm
FNDA:3,_ZNSt12_Vector_baseI2M4SaIS0_EE13_M_deallocateEPS0_m
FNDA:3,_ZNSt6vectorI2M4SaIS0_EE5beginEv
FNDA:3,_ZNSt6vectorI2M4SaIS0_EE3endEv
FNDA:18,_ZNKSt6vectorI2M4SaIS0_EE4sizeEv
FNDA:6,_ZNKSt6vectorI2M4SaIS0_EE8max_sizeEv
FNDA:3,_ZNSt6vectorI2M4SaIS0_EE6resizeEmS0_
FNDA:3,_ZNSt6vectorI2M4SaIS0_EEixEm
FNDA:3,_ZNSt6vectorI2M4SaIS0_EE6insertEN9__gnu_cxx17__normal_iteratorIPS0_S2_EEmRKS0_
FNDA:3,_ZNKSt6vectorI2M4SaIS0_EE12_M_check_lenEmPKc
FNDA:0,_ZNSt6vectorI2M4SaIS0_EE15_M_erase_at_endEPS0_
FNF:13
FNH:12
DA:113,12
DA:114,12
DA:117,6
DA:118,6
DA:167,3
DA:170,3
DA:174,3
DA:177,3
DA:178,0
DA:179,3
DA:547,3
DA:548,3
DA:565,3
DA:566,3
DA:654,18
DA:655,18
DA:659,6
DA:660,6
DA:713,3
DA:715,3
DA:716,3
DA:717,0
DA:718,0
DA:719,3
DA:779,3
DA:780,3
DA:1072,3
DA:1073,3
DA:1422,3
DA:1424,3
DA:1425,0
DA:1427,3
DA:1428,3
DA:1436,0
DA:1438,0
DA:1439,0
DA:1440,0
LF:37
LH:29
end_of_record
SF:/usr/include/c++/5/bits/vector.tcc
FN:449,_ZNSt6vectorI2M4SaIS0_EE14_M_fill_insertEN9__gnu_cxx17__normal_iteratorIPS0_S2_EEmRKS0_
FNDA:3,_ZNSt6vectorI2M4SaIS0_EE14_M_fill_insertEN9__gnu_cxx17__normal_iteratorIPS0_S2_EEmRKS0_
FNF:1
FNH:1
DA:449,3
DA:452,3
DA:454,6
DA:455,6
DA:457,0
DA:458,0
DA:459,0
DA:460,0
DA:462,0
DA:465,0
DA:466,0
DA:467,0
DA:469,0
DA:474,0
DA:475,0
DA:478,0
DA:479,0
DA:481,0
DA:482,0
DA:483,0
DA:489,3
DA:490,3
DA:491,3
DA:492,3
DA:496,3
DA:498,3
DA:499,3
DA:501,3
DA:503,3
DA:504,3
DA:506,3
DA:508,3
DA:510,3
DA:511,3
DA:513,0
DA:515,0
DA:516,0
DA:517,0
DA:518,0
DA:520,0
DA:521,0
DA:522,0
DA:523,0
DA:525,3
DA:526,3
DA:527,6
DA:529,6
DA:530,3
DA:531,3
DA:532,3
DA:535,3
LF:51
LH:26
end_of_record
SF:/usr/include/c++/5/ext/alloc_traits.h
FN:181,_ZN9__gnu_cxx14__alloc_traitsISaI2M4EE8allocateERS2_m
FN:184,_ZN9__gnu_cxx14__alloc_traitsISaI2M4EE10deallocateERS2_PS1_m
FN:194,_ZN9__gnu_cxx14__alloc_traitsISaI2M4EE8max_sizeERKS2_
FNDA:3,_ZN9__gnu_cxx14__alloc_traitsISaI2M4EE8allocateERS2_m
FNDA:0,_ZN9__gnu_cxx14__alloc_traitsISaI2M4EE10deallocateERS2_PS1_m
FNDA:6,_ZN9__gnu_cxx14__alloc_traitsISaI2M4EE8max_sizeERKS2_
FNF:3
FNH:2
DA:181,3
DA:182,3
DA:184,0
DA:185,0
DA:194,6
DA:195,6
LF:6
LH:4
end_of_record
SF:/usr/include/c++/5/ext/new_allocator.h
FN:99,_ZN9__gnu_cxx13new_allocatorI2M4E8allocateEmPKv
FN:109,_ZN9__gnu_cxx13new_allocatorI2M4E10deallocateEPS1_m
FN:113,_ZNK9__gnu_cxx13new_allocatorI2M4E8max_sizeEv
FNDA:3,_ZN9__gnu_cxx13new_allocatorI2M4E8allocateEmPKv
FNDA:0,_ZN9__gnu_cxx13new_allocatorI2M4E10deallocateEPS1_m
FNDA:9,_ZNK9__gnu_cxx13new_allocatorI2M4E8max_sizeEv
FNF:3
FNH:2
DA:99,3
DA:101,3
DA:102,0
DA:104,3
DA:109,0
DA:110,0
DA:113,9
DA:114,9
LF:8
LH:5
end_of_record
SF:/usr/include/c++/5/new
FN:129,_ZnwmPv
FNDA:0,_ZnwmPv
FNF:1
FNH:0
DA:129,0
DA:130,0
LF:2
LH:0
end_of_record
SF:/disk2/graphdev/ModelDrawD01/3dDrawOOP/TyGL/init.cpp
FN:7,_Z15initSharedStateP9GLContext
FN:17,_Z14endSharedStateP9GLContext
FN:31,_Z6glInitPv
FN:198,_Z7glClosev
FNDA:1,_Z15initSharedStateP9GLContext
FNDA:1,_Z14endSharedStateP9GLContext
FNDA:1,_Z6glInitPv
FNDA:1,_Z7glClosev
FNF:4
FNH:4
DA:7,1
DA:9,1
DA:10,1
DA:12,1
DA:14,1
DA:15,1
DA:17,1
DA:19,1
DA:22,1
DA:25,1
DA:27,1
DA:28,1
DA:31,1
DA:33,1
DA:38,1
DA:39,1
DA:41,1
DA:44,1
DA:45,1
DA:48,1
DA:49,1
DA:50,1
DA:51,1
DA:52,1
DA:53,1
DA:56,1
DA:60,1
DA:61,1
DA:62,1
DA:64,1
DA:67,17
DA:68,16
DA:69,16
DA:70,16
DA:71,16
DA:72,16
DA:73,16
DA:74,16
DA:75,16
DA:76,16
DA:77,16
DA:78,16
DA:79,16
DA:80,16
DA:81,16
DA:83,1
DA:84,1
DA:85,1
DA:86,1
DA:87,1
DA:90,3
DA:91,2
DA:92,2
DA:93,2
DA:94,2
DA:95,2
DA:96,2
DA:98,1
DA:99,1
DA:100,1
DA:103,1
DA:106,1
DA:107,1
DA:108,1
DA:109,1
DA:110,1
DA:111,1
DA:112,1
DA:114,1
DA:115,1
DA:116,1
DA:117,1
DA:119,1
DA:121,1
DA:122,1
DA:123,1
DA:124,1
DA:126,1
DA:127,1
DA:129,1
DA:130,1
DA:131,1
DA:132,1
DA:135,1
DA:136,1
DA:137,1
DA:138,1
DA:139,1
DA:142,1
DA:143,1
DA:144,1
DA:147,1
DA:149,1
DA:150,1
DA:151,1
DA:163,1
DA:164,1
DA:165,1
DA:167,1
DA:168,1
DA:169,1
DA:171,1
DA:172,1
DA:173,1
DA:174,1
DA:175,1
DA:176,1
DA:178,1
DA:181,1
DA:184,1
DA:187,1
DA:190,1
DA:191,1
DA:192,1
DA:195,1
DA:196,1
DA:198,1
DA:200,1
DA:201,1
DA:202,1
DA:203,1
LF:121
LH:121
end_of_record
SF:/disk2/graphdev/ModelDrawD01/3dDrawOOP/include/texture.h
FN:12,_ZL12find_textureP9GLContexti
FN:48,_Z13alloc_textureP9GLContexti
FN:67,_Z14glInitTexturesP9GLContext
FN:114,_Z15glopBindTextureP9GLContextP7GLParam
FN:129,_Z14glopTexImage2DP9GLContextP7GLParam
FN:177,_Z10glopTexEnvP9GLContextP7GLParam
FN:194,_Z16glopTexParameterP9GLContextP7GLParam
FN:213,_Z14glopPixelStoreP9GLContextP7GLParam
FNDA:3,_ZL12find_textureP9GLContexti
FNDA:2,_Z13alloc_textureP9GLContexti
FNDA:1,_Z14glInitTexturesP9GLContext
FNDA:2,_Z15glopBindTextureP9GLContextP7GLParam
FNDA:1,_Z14glopTexImage2DP9GLContextP7GLParam
FNDA:0,_Z10glopTexEnvP9GLContextP7GLParam
FNDA:4,_Z16glopTexParameterP9GLContextP7GLParam
FNDA:1,_Z14glopPixelStoreP9GLContextP7GLParam
FNF:8
FNH:7
DA:12,3
DA:16,3
DA:17,3
DA:18,2
DA:19,0
DA:21,1
DA:48,2
DA:52,2
DA:54,2
DA:56,2
DA:57,2
DA:58,2
DA:59,2
DA:61,2
DA:63,2
DA:67,1
DA:71,1
DA:72,1
DA:73,1
DA:114,2
DA:116,2
DA:117,2
DA:120,2
DA:122,2
DA:123,2
DA:124,1
DA:126,2
DA:127,2
DA:129,1
DA:131,1
DA:132,1
DA:133,1
DA:134,1
DA:135,1
DA:136,1
DA:137,1
DA:138,1
DA:139,1
DA:144,1
DA:145,1
DA:146,1
DA:147,0
DA:150,1
DA:151,1
DA:152,1
DA:154,1
DA:155,1
DA:156,1
DA:157,1
DA:159,0
DA:162,1
DA:163,1
DA:164,1
DA:165,1
DA:167,1
DA:168,1
DA:169,1
DA:172,1
DA:173,1
DA:177,0
DA:179,0
DA:180,0
DA:181,0
DA:183,0
DA:185,0
DA:188,0
DA:190,0
DA:191,0
DA:194,4
DA:196,4
DA:197,4
DA:198,4
DA:200,4
DA:202,0
DA:205,4
DA:208,2
DA:209,2
DA:211,4
DA:213,1
DA:215,1
DA:216,1
DA:218,1
DA:220,0
DA:222,1
LF:84
LH:70
end_of_record
SF:/disk2/graphdev/ModelDrawD01/3dDrawOOP/include/zgl.h
FN:493,_Z14gl_get_contextv
FN:509,_Z7gl_freePv
FN:514,_Z9gl_malloci
FN:521,_Z9gl_zalloci
FNDA:0,_Z14gl_get_contextv
FNDA:0,_Z7gl_freePv
FNDA:0,_Z9gl_malloci
FNDA:5,_Z9gl_zalloci
FNF:4
FNH:1
DA:493,0
DA:495,0
DA:509,0
DA:511,0
DA:512,0
DA:514,0
DA:516,0
DA:517,0
DA:518,0
DA:521,5
DA:523,5
LF:11
LH:2
end_of_record
SF:/disk2/graphdev/ModelDrawD01/3dDrawOOP/include/zmath.h
FN:35,_ZN2M4C2Ev
FN:69,_Z9gl_V3_Newfff
FN:78,_Z9gl_V4_Newffff
FNDA:0,_ZN2M4C2Ev
FNDA:48,_Z9gl_V3_Newfff
FNDA:73,_Z9gl_V4_Newffff
FNF:3
FNH:2
DA:35,0
DA:69,48
DA:72,48
DA:73,48
DA:74,48
DA:75,48
DA:78,73
DA:81,73
DA:82,73
DA:83,73
DA:84,73
DA:85,73
LF:12
LH:11
end_of_record
TN:
SF:/disk2/graphdev/ModelDrawD01/3dDrawOOP/TyGL/error.cpp
FN:4,_Z14gl_fatal_errorPcz
FNDA:0,_Z14gl_fatal_errorPcz
FNF:1
FNH:0
DA:4,0
DA:8,0
DA:10,0
DA:11,0
DA:12,0
DA:13,0
LF:6
LH:0
end_of_record
TN:
SF:/disk2/graphdev/ModelDrawD01/3dDrawOOP/TyGL/specbuf.cpp
FN:6,_ZL8calc_bufP9GLSpecBuff
FN:19,_Z18specbuf_get_bufferP9GLContextif
FNDA:1,_ZL8calc_bufP9GLSpecBuff
FNDA:387060,_Z18specbuf_get_bufferP9GLContextif
FNF:2
FNH:2
DA:6,1
DA:10,1
DA:11,1
DA:12,1026
DA:13,1025
DA:14,1025
DA:16,1
DA:19,387060
DA:23,387060
DA:24,387060
DA:25,0
DA:26,0
DA:28,0
DA:30,387060
DA:31,387059
DA:32,387059
DA:34,1
DA:36,1
DA:37,1
DA:38,1
DA:39,1
DA:40,1
DA:41,1
DA:42,1
DA:43,1
DA:44,1
DA:48,0
DA:49,0
DA:50,0
DA:51,0
LF:30
LH:23
end_of_record
SF:/disk2/graphdev/ModelDrawD01/3dDrawOOP/include/zgl.h
FN:514,_Z9gl_malloci
FNDA:0,_Z9gl_malloci
FNF:1
FNH:0
DA:514,0
DA:516,0
DA:517,0
DA:518,0
LF:4
LH:0
end_of_record
TN:
SF:/disk2/graphdev/ModelDrawD01/3dDrawOOP/TyGL/matrix.cpp
FN:3,_Z15gl_print_matrixPKf
FN:12,_ZL16gl_matrix_updateP9GLContext
FN:18,_Z14glopMatrixModeP9GLContextP7GLParam
FN:36,_Z14glopLoadMatrixP9GLContextP7GLParam
FN:57,_Z16glopLoadIdentityP9GLContextP7GLParam
FN:65,_Z14glopMultMatrixP9GLContextP7GLParam
FN:87,_Z14glopPushMatrixP9GLContextP7GLParam
FN:102,_Z13glopPopMatrixP9GLContextP7GLParam
FN:112,_Z10glopRotateP9GLContextP7GLParam
FN:182,_Z9glopScaleP9GLContextP7GLParam
FN:196,_Z13glopTranslateP9GLContextP7GLParam
FN:212,_Z11glopFrustumP9GLContextP7GLParam
FNDA:0,_Z15gl_print_matrixPKf
FNDA:14,_ZL16gl_matrix_updateP9GLContext
FNDA:8,_Z14glopMatrixModeP9GLContextP7GLParam
FNDA:0,_Z14glopLoadMatrixP9GLContextP7GLParam
FNDA:8,_Z16glopLoadIdentityP9GLContextP7GLParam
FNDA:1,_Z14glopMultMatrixP9GLContextP7GLParam
FNDA:0,_Z14glopPushMatrixP9GLContextP7GLParam
FNDA:0,_Z13glopPopMatrixP9GLContextP7GLParam
FNDA:0,_Z10glopRotateP9GLContextP7GLParam
FNDA:1,_Z9glopScaleP9GLContextP7GLParam
FNDA:1,_Z13glopTranslateP9GLContextP7GLParam
FNDA:3,_Z11glopFrustumP9GLContextP7GLParam
FNF:12
FNH:7
DA:3,0
DA:7,0
DA:8,0
DA:10,0
DA:12,14
DA:14,14
DA:15,14
DA:18,8
DA:20,8
DA:21,8
DA:23,4
DA:24,4
DA:26,3
DA:27,3
DA:29,1
DA:30,1
DA:32,0
DA:34,8
DA:36,0
DA:43,0
DA:44,0
DA:46,0
DA:47,0
DA:48,0
DA:49,0
DA:50,0
DA:51,0
DA:54,0
DA:55,0
DA:57,8
DA:60,8
DA:62,8
DA:63,8
DA:65,1
DA:67,1
DA:71,1
DA:73,5
DA:74,4
DA:75,4
DA:76,4
DA:77,4
DA:78,4
DA:81,1
DA:83,1
DA:84,1
DA:87,0
DA:89,0
DA:95,0
DA:97,0
DA:99,0
DA:100,0
DA:102,0
DA:104,0
DA:107,0
DA:108,0
DA:109,0
DA:112,0
DA:114,0
DA:119,0
DA:120,0
DA:121,0
DA:122,0
DA:125,0
DA:127,0
DA:129,0
DA:130,0
DA:132,0
DA:133,0
DA:134,0
DA:136,0
DA:137,0
DA:138,0
DA:140,0
DA:141,0
DA:142,0
DA:148,0
DA:149,0
DA:150,0
DA:151,0
DA:152,0
DA:153,0
DA:156,0
DA:157,0
DA:160,0
DA:161,0
DA:162,0
DA:165,0
DA:166,0
DA:167,0
DA:168,0
DA:169,0
DA:170,0
DA:171,0
DA:172,0
DA:173,0
DA:177,0
DA:179,0
DA:182,1
DA:185,1
DA:187,1
DA:189,1
DA:190,1
DA:191,1
DA:192,1
DA:193,1
DA:194,1
DA:196,1
DA:199,1
DA:201,1
DA:203,1
DA:204,1
DA:205,1
DA:206,1
DA:208,1
DA:209,1
DA:212,3
DA:215,3
DA:216,3
DA:217,3
DA:218,3
DA:219,3
DA:220,3
DA:221,3
DA:224,3
DA:225,3
DA:226,3
DA:227,3
DA:228,3
DA:229,3
DA:231,3
DA:232,3
DA:233,3
DA:234,3
DA:235,3
DA:237,3
DA:239,3
DA:240,3
LF:137
LH:69
end_of_record
SF:/disk2/graphdev/ModelDrawD01/3dDrawOOP/include/zmath.h
FN:35,_ZN2M4C2Ev
FN:93,_ZN2M48gl_M4_IdEPS_
FN:126,_ZN2M413gl_M4_MulLeftEPS_S0_
FN:144,_ZN2M410gl_M4_MoveEPS_S0_
FN:277,_ZN2M412gl_M4_RotateEPS_fi
FNDA:0,_ZN2M4C2Ev
FNDA:8,_ZN2M48gl_M4_IdEPS_
FNDA:4,_ZN2M413gl_M4_MulLeftEPS_S0_
FNDA:0,_ZN2M410gl_M4_MoveEPS_S0_
FNDA:0,_ZN2M412gl_M4_RotateEPS_fi
FNF:5
FNH:2
DA:35,0
DA:93,8
DA:96,40
DA:97,160
DA:98,128
DA:99,8
DA:126,4
DA:130,4
DA:134,4
DA:136,20
DA:137,80
DA:138,64
DA:139,64
DA:140,64
DA:142,4
DA:144,0
DA:146,0
DA:147,0
DA:277,0
DA:281,0
DA:282,0
DA:283,0
DA:284,0
DA:285,0
DA:286,0
DA:287,0
DA:288,0
LF:27
LH:14
end_of_record
TN:
SF:/disk2/graphdev/ModelDrawD01/3dDrawOOP/TyGL/vertex.cpp
FN:4,_Z10glopNormalP9GLContextP7GLParam
FN:18,_Z12glopTexCoordP9GLContextP7GLParam
FN:31,_Z9glopColorP9GLContextP7GLParam
FN:56,_Z16gl_eval_viewportP9GLContext
FN:73,_Z9glopBeginP9GLContextP7GLParam
FN:138,_Z10glopVertexP9GLContextP7GLParam
FN:262,_Z7glopEndP9GLContextP7GLParam
FNDA:217911,_Z10glopNormalP9GLContextP7GLParam
FNDA:9558,_Z12glopTexCoordP9GLContextP7GLParam
FNDA:1,_Z9glopColorP9GLContextP7GLParam
FNDA:1,_Z16gl_eval_viewportP9GLContext
FNDA:36,_Z9glopBeginP9GLContextP7GLParam
FNDA:218046,_Z10glopVertexP9GLContextP7GLParam
FNDA:36,_Z7glopEndP9GLContextP7GLParam
FNF:7
FNH:7
DA:4,217911
DA:8,217911
DA:9,217911
DA:10,217911
DA:12,217911
DA:13,217911
DA:14,217911
DA:15,217911
DA:16,217911
DA:18,9558
DA:20,9558
DA:21,9558
DA:22,9558
DA:23,9558
DA:24,9558
DA:31,1
DA:34,1
DA:35,1
DA:36,1
DA:37,1
DA:38,1
DA:39,1
DA:40,1
DA:42,1
DA:44,1
DA:45,1
DA:46,1
DA:47,1
DA:48,1
DA:49,1
DA:50,1
DA:51,1
DA:53,1
DA:56,1
DA:59,1
DA:60,1
DA:62,1
DA:64,1
DA:65,1
DA:66,1
DA:68,1
DA:69,1
DA:70,1
DA:71,1
DA:73,36
DA:76,36
DA:78,36
DA:80,36
DA:81,36
DA:82,36
DA:83,36
DA:84,36
DA:86,36
DA:88,2
DA:90,2
DA:91,2
DA:93,0
DA:95,0
DA:97,0
DA:99,0
DA:100,0
DA:101,0
DA:105,2
DA:107,2
DA:110,36
DA:111,1
DA:112,1
DA:120,36
DA:123,36
DA:124,36
DA:127,36
DA:130,36
DA:131,36
DA:134,36
DA:138,218046
DA:143,218046
DA:145,218046
DA:146,218046
DA:147,218046
DA:148,218046
DA:151,218046
DA:153,0
DA:154,0
DA:155,0
DA:156,0
DA:158,0
DA:159,0
DA:160,0
DA:163,218046
DA:164,218046
DA:166,218046
DA:167,218046
DA:168,218046
DA:169,218046
DA:171,218046
DA:175,218046
DA:176,218046
DA:178,0
DA:183,218046
DA:184,9558
DA:185,0
DA:187,9558
DA:191,218046
DA:192,217968
DA:196,218046
DA:198,218046
DA:204,217914
DA:205,72638
DA:206,72638
DA:208,217914
DA:210,0
DA:211,0
DA:212,0
DA:214,0
DA:216,0
DA:217,0
DA:220,0
DA:221,0
DA:224,0
DA:226,0
DA:227,0
DA:228,0
DA:229,0
DA:231,0
DA:234,0
DA:235,0
DA:236,0
DA:237,0
DA:238,0
DA:239,0
DA:240,0
DA:242,0
DA:245,0
DA:246,0
DA:247,0
DA:248,0
DA:249,0
DA:250,0
DA:252,0
DA:254,132
DA:256,0
DA:259,218046
DA:260,218046
DA:262,36
DA:264,36
DA:266,36
DA:268,36
DA:269,33
DA:270,165
DA:271,66
DA:272,66
DA:275,36
DA:276,36
LF:153
LH:108
end_of_record
SF:/disk2/graphdev/ModelDrawD01/3dDrawOOP/include/zgl.h
FN:509,_Z7gl_freePv
FN:514,_Z9gl_malloci
FNDA:4,_Z7gl_freePv
FNDA:7,_Z9gl_malloci
FNF:2
FNH:2
DA:509,4
DA:511,4
DA:512,4
DA:514,7
DA:516,7
DA:517,7
DA:518,7
LF:7
LH:7
end_of_record
SF:/disk2/graphdev/ModelDrawD01/3dDrawOOP/include/zmath.h
FN:35,_ZN2M4C2Ev
FN:101,_ZN2M410gl_M4_IsIdEPS_
FN:113,_ZN2M49gl_M4_MulEPS_S0_S0_
FN:159,_ZN2M411gl_M4_MulV4EP2V4PS_S1_
FN:168,_ZN2M415gl_M4_TransposeEPS_S0_
FN:209,_Z10Matrix_InvPfS_i
FN:269,_ZN2M49gl_M4_InvEPS_S0_
FNDA:49,_ZN2M4C2Ev
FNDA:2,_ZN2M410gl_M4_IsIdEPS_
FNDA:0,_ZN2M49gl_M4_MulEPS_S0_S0_
FNDA:3,_ZN2M411gl_M4_MulV4EP2V4PS_S1_
FNDA:2,_ZN2M415gl_M4_TransposeEPS_S0_
FNDA:2,_Z10Matrix_InvPfS_i
FNDA:2,_ZN2M49gl_M4_InvEPS_S0_
FNF:7
FNH:6
DA:35,49
DA:101,2
DA:104,10
DA:105,40
DA:106,32
DA:107,8
DA:108,24
DA:110,2
DA:113,0
DA:117,0
DA:118,0
DA:119,0
DA:120,0
DA:121,0
DA:123,0
DA:159,3
DA:161,3
DA:162,3
DA:163,3
DA:164,3
DA:165,3
DA:168,2
DA:170,2
DA:171,2
DA:172,2
DA:173,2
DA:175,2
DA:176,2
DA:177,2
DA:178,2
DA:180,2
DA:181,2
DA:182,2
DA:183,2
DA:185,2
DA:186,2
DA:187,2
DA:188,2
DA:189,2
DA:209,2
DA:215,2
DA:216,2
DA:218,10
DA:221,8
DA:222,8
DA:223,20
DA:224,12
DA:225,0
DA:226,0
DA:230,8
DA:234,8
DA:235,0
DA:236,0
DA:237,0
DA:238,0
DA:240,0
DA:241,0
DA:242,0
DA:247,8
DA:248,40
DA:249,32
DA:250,32
DA:254,40
DA:255,24
DA:256,120
DA:257,96
DA:258,96
DA:263,2
DA:269,2
DA:271,2
DA:272,2
DA:274,2
DA:275,2
LF:73
LH:57
end_of_record
TN:
SF:/disk2/graphdev/ModelDrawD01/3dDrawOOP/TyGL/zbuffer.cpp
FN:12,_Z7ZB_openiiiiPhPiPv
FN:60,_Z8ZB_closeP7ZBuffer
FNDA:1,_Z7ZB_openiiiiPhPiPv
FNDA:0,_Z8ZB_closeP7ZBuffer
FNF:2
FNH:1
DA:12,1
DA:21,1
DA:22,1
DA:23,0
DA:25,1
DA:26,1
DA:27,1
DA:28,1
DA:31,1
DA:34,1
DA:36,1
DA:37,1
DA:38,0
DA:40,1
DA:41,1
DA:42,1
DA:43,0
DA:44,0
DA:46,1
DA:48,0
DA:49,0
DA:52,1
DA:54,1
DA:56,0
DA:57,0
DA:60,0
DA:63,0
DA:64,0
DA:66,0
DA:67,0
DA:68,0
LF:31
LH:17
end_of_record
TN:
SF:/disk2/graphdev/ModelDrawD01/3dDrawOOP/TyGL/glx.cpp
FN:40,_Z14glXSwapBuffersv
FNDA:1,_Z14glXSwapBuffersv
FNF:1
FNH:1
DA:40,1
DA:46,1
DA:51,2
DA:52,1
DA:53,1
DA:54,1601
DA:56,1600
DA:57,1600
DA:58,2561600
DA:60,2560000
DA:62,2560000
DA:63,2560000
DA:64,2560000
DA:67,1
DA:68,2
LF:15
LH:15
end_of_record
SF:/disk2/graphdev/ModelDrawD01/3dDrawOOP/include/c24bitmap.h
FN:472,_ZN9C24BitMapC2Ev
FN:482,_ZN9C24BitMapD2Ev
FN:487,_ZN9C24BitMap7FormatFEii
FN:504,_ZN9C24BitMap4SaveEPc
FN:540,_Z13get_pix_colorR9C24BitMapii
FNDA:2,_ZN9C24BitMapC2Ev
FNDA:2,_ZN9C24BitMapD2Ev
FNDA:1,_ZN9C24BitMap7FormatFEii
FNDA:1,_ZN9C24BitMap4SaveEPc
FNDA:2560000,_Z13get_pix_colorR9C24BitMapii
FNF:5
FNH:5
DA:472,2
DA:474,2
DA:475,2
DA:476,2
DA:477,2
DA:478,2
DA:479,2
DA:480,2
DA:482,4
DA:484,2
DA:485,2
DA:487,1
DA:493,1
DA:495,1
DA:496,1
DA:497,1
DA:498,1
DA:499,1
DA:500,1
DA:501,1
DA:502,1
DA:504,1
DA:506,1
DA:507,1
DA:508,1
DA:509,1
DA:510,1
DA:511,1
DA:540,2560000
DA:541,2560000
DA:543,2560000
DA:544,2560000
DA:551,2560000
LF:33
LH:33
end_of_record
SF:/disk2/graphdev/ModelDrawD01/3dDrawOOP/include/zgl.h
FN:493,_Z14gl_get_contextv
FNDA:0,_Z14gl_get_contextv
FNF:1
FNH:0
DA:493,0
DA:495,0
LF:2
LH:0
end_of_record
TN:
SF:/disk2/graphdev/ModelDrawD01/3dDrawOOP/TyGL/api.cpp
FN:5,_Z10glVertex4fffff
FN:19,_Z10glVertex2fff
FN:24,_Z10glVertex3ffff
FN:29,_Z11glVertex3fvPf
FN:36,_Z10glNormal3ffff
FN:48,_Z11glNormal3fvPf
FN:55,_Z9glColor4fffff
FN:74,_Z10glColor4fvPf
FN:93,_Z9glColor3ffff
FN:98,_Z10glColor3fvPf
FN:106,_Z12glTexCoord4fffff
FN:119,_Z12glTexCoord2fff
FN:124,_Z13glTexCoord2fvPf
FN:135,_Z8glEnablei
FN:146,_Z9glDisablei
FN:159,_Z7glBegini
FN:169,_Z5glEndv
FN:180,_Z12glMatrixModei
FN:190,_Z13glLoadMatrixfPKf
FN:201,_Z14glLoadIdentityv
FN:210,_Z13glMultMatrixfPKf
FN:221,_Z12glPushMatrixv
FN:230,_Z11glPopMatrixv
FN:239,_Z9glRotatefffff
FN:252,_Z12glTranslateffff
FN:264,_Z8glScaleffff
FN:277,_Z10glViewportiiii
FN:290,_Z9glFrustumdddddd
FN:306,_Z14gluPerspectivedddd
FN:322,_Z12glMaterialfviiPf
FN:340,_Z11glMaterialfiif
FN:354,_Z15glColorMaterialii
FN:365,_Z9glLightfviiPf
FN:380,_Z8glLightfiif
FN:394,_Z13glLightModeliii
FN:407,_Z14glLightModelfviPf
FN:426,_Z12glTexImage2DiiiiiiiiPv
FN:447,_Z13glBindTextureii
FN:458,_Z9glTexEnviiii
FN:474,_Z15glTexParameteriiii
FN:490,_Z13glPixelStoreiii
FN:517,_Z7glFlushv
FN:526,_Z7glDebugi
FNDA:218046,_Z10glVertex4fffff
FNDA:0,_Z10glVertex2fff
FNDA:217914,_Z10glVertex3ffff
FNDA:132,_Z11glVertex3fvPf
FNDA:217911,_Z10glNormal3ffff
FNDA:0,_Z11glNormal3fvPf
FNDA:1,_Z9glColor4fffff
FNDA:0,_Z10glColor4fvPf
FNDA:1,_Z9glColor3ffff
FNDA:0,_Z10glColor3fvPf
FNDA:9558,_Z12glTexCoord4fffff
FNDA:9558,_Z12glTexCoord2fff
FNDA:0,_Z13glTexCoord2fvPf
FNDA:12,_Z8glEnablei
FNDA:1,_Z9glDisablei
FNDA:36,_Z7glBegini
FNDA:36,_Z5glEndv
FNDA:8,_Z12glMatrixModei
FNDA:0,_Z13glLoadMatrixfPKf
FNDA:8,_Z14glLoadIdentityv
FNDA:1,_Z13glMultMatrixfPKf
FNDA:0,_Z12glPushMatrixv
FNDA:0,_Z11glPopMatrixv
FNDA:0,_Z9glRotatefffff
FNDA:1,_Z12glTranslateffff
FNDA:1,_Z8glScaleffff
FNDA:3,_Z10glViewportiiii
FNDA:3,_Z9glFrustumdddddd
FNDA:3,_Z14gluPerspectivedddd
FNDA:12,_Z12glMaterialfviiPf
FNDA:4,_Z11glMaterialfiif
FNDA:0,_Z15glColorMaterialii
FNDA:6,_Z9glLightfviiPf
FNDA:0,_Z8glLightfiif
FNDA:0,_Z13glLightModeliii
FNDA:0,_Z14glLightModelfviPf
FNDA:1,_Z12glTexImage2DiiiiiiiiPv
FNDA:2,_Z13glBindTextureii
FNDA:0,_Z9glTexEnviiii
FNDA:4,_Z15glTexParameteriiii
FNDA:1,_Z13glPixelStoreiii
FNDA:1,_Z7glFlushv
FNDA:0,_Z7glDebugi
FNF:43
FNH:28
DA:5,218046
DA:9,218046
DA:10,218046
DA:11,218046
DA:12,218046
DA:13,218046
DA:15,218046
DA:17,218046
DA:19,0
DA:21,0
DA:22,0
DA:24,217914
DA:26,217914
DA:27,217914
DA:29,132
DA:31,132
DA:32,132
DA:36,217911
DA:40,217911
DA:41,217911
DA:42,217911
DA:43,217911
DA:45,217911
DA:46,217911
DA:48,0
DA:50,0
DA:51,0
DA:55,1
DA:59,1
DA:60,1
DA:61,1
DA:62,1
DA:63,1
DA:65,1
DA:66,1
DA:67,1
DA:68,1
DA:69,1
DA:70,1
DA:71,1
DA:72,1
DA:74,0
DA:78,0
DA:79,0
DA:80,0
DA:81,0
DA:82,0
DA:84,0
DA:85,0
DA:86,0
DA:87,0
DA:88,0
DA:89,0
DA:90,0
DA:91,0
DA:93,1
DA:95,1
DA:96,1
DA:98,0
DA:100,0
DA:101,0
DA:106,9558
DA:110,9558
DA:111,9558
DA:112,9558
DA:113,9558
DA:114,9558
DA:116,9558
DA:117,9558
DA:119,9558
DA:121,9558
DA:122,9558
DA:124,0
DA:126,0
DA:127,0
DA:135,12
DA:139,12
DA:140,12
DA:141,12
DA:143,12
DA:144,12
DA:146,1
DA:150,1
DA:151,1
DA:152,1
DA:154,1
DA:155,1
DA:159,36
DA:163,36
DA:164,36
DA:166,36
DA:167,36
DA:169,36
DA:173,36
DA:175,36
DA:176,36
DA:180,8
DA:184,8
DA:185,8
DA:187,8
DA:188,8
DA:190,0
DA:195,0
DA:196,0
DA:198,0
DA:199,0
DA:201,8
DA:205,8
DA:207,8
DA:208,8
DA:210,1
DA:215,1
DA:216,1
DA:218,1
DA:219,1
DA:221,0
DA:225,0
DA:227,0
DA:228,0
DA:230,0
DA:234,0
DA:236,0
DA:237,0
DA:239,0
DA:243,0
DA:244,0
DA:245,0
DA:246,0
DA:247,0
DA:249,0
DA:250,0
DA:252,1
DA:256,1
DA:257,1
DA:258,1
DA:259,1
DA:261,1
DA:262,1
DA:264,1
DA:268,1
DA:269,1
DA:270,1
DA:271,1
DA:273,1
DA:274,1
DA:277,3
DA:281,3
DA:282,3
DA:283,3
DA:284,3
DA:285,3
DA:287,3
DA:288,3
DA:290,3
DA:295,3
DA:296,3
DA:297,3
DA:298,3
DA:299,3
DA:300,3
DA:301,3
DA:303,3
DA:304,3
DA:306,3
DA:311,3
DA:312,3
DA:314,3
DA:315,3
DA:317,3
DA:318,3
DA:322,12
DA:327,12
DA:329,12
DA:330,12
DA:331,12
DA:332,12
DA:333,12
DA:334,12
DA:335,12
DA:337,12
DA:338,12
DA:340,4
DA:345,4
DA:346,4
DA:347,4
DA:348,4
DA:349,4
DA:351,4
DA:352,4
DA:354,0
DA:358,0
DA:359,0
DA:360,0
DA:362,0
DA:363,0
DA:365,6
DA:370,6
DA:371,6
DA:372,6
DA:374,6
DA:376,6
DA:377,6
DA:380,0
DA:385,0
DA:386,0
DA:387,0
DA:388,0
DA:389,0
DA:391,0
DA:392,0
DA:394,0
DA:399,0
DA:400,0
DA:401,0
DA:402,0
DA:404,0
DA:405,0
DA:407,0
DA:412,0
DA:413,0
DA:414,0
DA:416,0
DA:417,0
DA:426,1
DA:432,1
DA:433,1
DA:434,1
DA:435,1
DA:436,1
DA:437,1
DA:438,1
DA:439,1
DA:440,1
DA:441,1
DA:443,1
DA:444,1
DA:447,2
DA:451,2
DA:452,2
DA:453,2
DA:455,2
DA:456,2
DA:458,0
DA:462,0
DA:463,0
DA:464,0
DA:465,0
DA:466,0
DA:467,0
DA:468,0
DA:469,0
DA:471,0
DA:472,0
DA:474,4
DA:478,4
DA:479,4
DA:480,4
DA:481,4
DA:482,4
DA:483,4
DA:484,4
DA:485,4
DA:487,4
DA:488,4
DA:490,1
DA:494,1
DA:495,1
DA:496,1
DA:498,1
DA:499,1
DA:517,1
DA:520,1
DA:526,0
DA:528,0
DA:529,0
DA:530,0
LF:276
LH:187
end_of_record
SF:/disk2/graphdev/ModelDrawD01/3dDrawOOP/include/zgl.h
FN:493,_Z14gl_get_contextv
FN:500,_Z9glRunFuncP7GLParam
FNDA:445661,_Z14gl_get_contextv
FNDA:445656,_Z9glRunFuncP7GLParam
FNF:2
FNH:2
DA:493,445661
DA:495,445661
DA:500,445656
DA:502,445656
DA:505,445656
DA:506,445656
DA:507,445656
LF:7
LH:7
end_of_record
